[0.059s] DEBUG:colcon:Command line arguments: ['/usr/bin/colcon', 'build', '--symlink-install']
[0.059s] DEBUG:colcon:Parsed command line arguments: Namespace(log_base=None, log_level=None, verb_name='build', build_base='build', install_base='install', merge_install=False, symlink_install=True, test_result_base=None, continue_on_error=False, executor='parallel', parallel_workers=24, event_handlers=None, ignore_user_meta=False, metas=['./colcon.meta'], base_paths=['.'], packages_ignore=None, packages_ignore_regex=None, paths=None, packages_up_to=None, packages_up_to_regex=None, packages_above=None, packages_above_and_dependencies=None, packages_above_depth=None, packages_select_by_dep=None, packages_skip_by_dep=None, packages_skip_up_to=None, packages_select_build_failed=False, packages_skip_build_finished=False, packages_select_test_failures=False, packages_skip_test_passed=False, packages_select=None, packages_skip=None, packages_select_regex=None, packages_skip_regex=None, packages_start=None, packages_end=None, cmake_args=None, cmake_target=None, cmake_target_skip_unavailable=False, cmake_clean_cache=False, cmake_clean_first=False, cmake_force_configure=False, ament_cmake_args=None, catkin_cmake_args=None, catkin_skip_building_tests=False, mixin_files=None, mixin=None, verb_parser=<colcon_mixin.mixin.mixin_argument.MixinArgumentDecorator object at 0x7fd8fbea2590>, verb_extension=<colcon_core.verb.build.BuildVerb object at 0x7fd8fbea2020>, main=<bound method BuildVerb.main of <colcon_core.verb.build.BuildVerb object at 0x7fd8fbea2020>>, mixin_verb=('build',))
[0.140s] Level 1:colcon.colcon_core.package_discovery:discover_packages(colcon_meta) check parameters
[0.140s] Level 1:colcon.colcon_core.package_discovery:discover_packages(recursive) check parameters
[0.140s] Level 1:colcon.colcon_core.package_discovery:discover_packages(ignore) check parameters
[0.140s] Level 1:colcon.colcon_core.package_discovery:discover_packages(path) check parameters
[0.140s] Level 1:colcon.colcon_core.package_discovery:discover_packages(colcon_meta) discover
[0.140s] Level 1:colcon.colcon_core.package_discovery:discover_packages(recursive) discover
[0.140s] INFO:colcon.colcon_core.package_discovery:Crawling recursively for packages in '/home/hyo/ukf_ws'
[0.140s] Level 1:colcon.colcon_core.package_identification:_identify(.) by extensions ['ignore', 'ignore_ament_install']
[0.140s] Level 1:colcon.colcon_core.package_identification:_identify(.) by extension 'ignore'
[0.140s] Level 1:colcon.colcon_core.package_identification:_identify(.) by extension 'ignore_ament_install'
[0.140s] Level 1:colcon.colcon_core.package_identification:_identify(.) by extensions ['colcon_pkg']
[0.140s] Level 1:colcon.colcon_core.package_identification:_identify(.) by extension 'colcon_pkg'
[0.140s] Level 1:colcon.colcon_core.package_identification:_identify(.) by extensions ['colcon_meta']
[0.140s] Level 1:colcon.colcon_core.package_identification:_identify(.) by extension 'colcon_meta'
[0.140s] Level 1:colcon.colcon_core.package_identification:_identify(.) by extensions ['ros']
[0.140s] Level 1:colcon.colcon_core.package_identification:_identify(.) by extension 'ros'
[0.147s] Level 1:colcon.colcon_core.package_identification:_identify(.) by extensions ['cmake', 'python']
[0.147s] Level 1:colcon.colcon_core.package_identification:_identify(.) by extension 'cmake'
[0.147s] Level 1:colcon.colcon_core.package_identification:_identify(.) by extension 'python'
[0.147s] Level 1:colcon.colcon_core.package_identification:_identify(.) by extensions ['python_setup_py']
[0.147s] Level 1:colcon.colcon_core.package_identification:_identify(.) by extension 'python_setup_py'
[0.147s] Level 1:colcon.colcon_core.package_identification:_identify(build) by extensions ['ignore', 'ignore_ament_install']
[0.147s] Level 1:colcon.colcon_core.package_identification:_identify(build) by extension 'ignore'
[0.147s] Level 1:colcon.colcon_core.package_identification:_identify(build) ignored
[0.147s] Level 1:colcon.colcon_core.package_identification:_identify(install) by extensions ['ignore', 'ignore_ament_install']
[0.147s] Level 1:colcon.colcon_core.package_identification:_identify(install) by extension 'ignore'
[0.147s] Level 1:colcon.colcon_core.package_identification:_identify(install) ignored
[0.147s] Level 1:colcon.colcon_core.package_identification:_identify(log) by extensions ['ignore', 'ignore_ament_install']
[0.147s] Level 1:colcon.colcon_core.package_identification:_identify(log) by extension 'ignore'
[0.147s] Level 1:colcon.colcon_core.package_identification:_identify(log) ignored
[0.147s] Level 1:colcon.colcon_core.package_identification:_identify(src) by extensions ['ignore', 'ignore_ament_install']
[0.147s] Level 1:colcon.colcon_core.package_identification:_identify(src) by extension 'ignore'
[0.147s] Level 1:colcon.colcon_core.package_identification:_identify(src) by extension 'ignore_ament_install'
[0.147s] Level 1:colcon.colcon_core.package_identification:_identify(src) by extensions ['colcon_pkg']
[0.147s] Level 1:colcon.colcon_core.package_identification:_identify(src) by extension 'colcon_pkg'
[0.147s] Level 1:colcon.colcon_core.package_identification:_identify(src) by extensions ['colcon_meta']
[0.147s] Level 1:colcon.colcon_core.package_identification:_identify(src) by extension 'colcon_meta'
[0.147s] Level 1:colcon.colcon_core.package_identification:_identify(src) by extensions ['ros']
[0.147s] Level 1:colcon.colcon_core.package_identification:_identify(src) by extension 'ros'
[0.147s] Level 1:colcon.colcon_core.package_identification:_identify(src) by extensions ['cmake', 'python']
[0.147s] Level 1:colcon.colcon_core.package_identification:_identify(src) by extension 'cmake'
[0.147s] Level 1:colcon.colcon_core.package_identification:_identify(src) by extension 'python'
[0.147s] Level 1:colcon.colcon_core.package_identification:_identify(src) by extensions ['python_setup_py']
[0.147s] Level 1:colcon.colcon_core.package_identification:_identify(src) by extension 'python_setup_py'
[0.147s] Level 1:colcon.colcon_core.package_identification:_identify(src/ukf_proj) by extensions ['ignore', 'ignore_ament_install']
[0.148s] Level 1:colcon.colcon_core.package_identification:_identify(src/ukf_proj) by extension 'ignore'
[0.148s] Level 1:colcon.colcon_core.package_identification:_identify(src/ukf_proj) by extension 'ignore_ament_install'
[0.148s] Level 1:colcon.colcon_core.package_identification:_identify(src/ukf_proj) by extensions ['colcon_pkg']
[0.148s] Level 1:colcon.colcon_core.package_identification:_identify(src/ukf_proj) by extension 'colcon_pkg'
[0.148s] Level 1:colcon.colcon_core.package_identification:_identify(src/ukf_proj) by extensions ['colcon_meta']
[0.148s] Level 1:colcon.colcon_core.package_identification:_identify(src/ukf_proj) by extension 'colcon_meta'
[0.148s] Level 1:colcon.colcon_core.package_identification:_identify(src/ukf_proj) by extensions ['ros']
[0.148s] Level 1:colcon.colcon_core.package_identification:_identify(src/ukf_proj) by extension 'ros'
[0.149s] DEBUG:colcon.colcon_core.package_identification:Package 'src/ukf_proj' with type 'ros.ament_python' and name 'ukf_proj'
[0.149s] Level 1:colcon.colcon_core.package_identification:_identify(src/wamv_msgs) by extensions ['ignore', 'ignore_ament_install']
[0.149s] Level 1:colcon.colcon_core.package_identification:_identify(src/wamv_msgs) by extension 'ignore'
[0.149s] Level 1:colcon.colcon_core.package_identification:_identify(src/wamv_msgs) by extension 'ignore_ament_install'
[0.149s] Level 1:colcon.colcon_core.package_identification:_identify(src/wamv_msgs) by extensions ['colcon_pkg']
[0.149s] Level 1:colcon.colcon_core.package_identification:_identify(src/wamv_msgs) by extension 'colcon_pkg'
[0.149s] Level 1:colcon.colcon_core.package_identification:_identify(src/wamv_msgs) by extensions ['colcon_meta']
[0.149s] Level 1:colcon.colcon_core.package_identification:_identify(src/wamv_msgs) by extension 'colcon_meta'
[0.149s] Level 1:colcon.colcon_core.package_identification:_identify(src/wamv_msgs) by extensions ['ros']
[0.149s] Level 1:colcon.colcon_core.package_identification:_identify(src/wamv_msgs) by extension 'ros'
[0.150s] DEBUG:colcon.colcon_core.package_identification:Package 'src/wamv_msgs' with type 'ros.ament_cmake' and name 'wamv_msgs'
[0.150s] Level 1:colcon.colcon_core.package_discovery:discover_packages(recursive) using defaults
[0.150s] Level 1:colcon.colcon_core.package_discovery:discover_packages(ignore) discover
[0.150s] Level 1:colcon.colcon_core.package_discovery:discover_packages(ignore) using defaults
[0.150s] Level 1:colcon.colcon_core.package_discovery:discover_packages(path) discover
[0.150s] Level 1:colcon.colcon_core.package_discovery:discover_packages(path) using defaults
[0.161s] Level 5:colcon.colcon_core.verb:set package 'ukf_proj' build argument 'cmake_args' from command line to 'None'
[0.161s] Level 5:colcon.colcon_core.verb:set package 'ukf_proj' build argument 'cmake_target' from command line to 'None'
[0.161s] Level 5:colcon.colcon_core.verb:set package 'ukf_proj' build argument 'cmake_target_skip_unavailable' from command line to 'False'
[0.161s] Level 5:colcon.colcon_core.verb:set package 'ukf_proj' build argument 'cmake_clean_cache' from command line to 'False'
[0.161s] Level 5:colcon.colcon_core.verb:set package 'ukf_proj' build argument 'cmake_clean_first' from command line to 'False'
[0.161s] Level 5:colcon.colcon_core.verb:set package 'ukf_proj' build argument 'cmake_force_configure' from command line to 'False'
[0.161s] Level 5:colcon.colcon_core.verb:set package 'ukf_proj' build argument 'ament_cmake_args' from command line to 'None'
[0.161s] Level 5:colcon.colcon_core.verb:set package 'ukf_proj' build argument 'catkin_cmake_args' from command line to 'None'
[0.161s] Level 5:colcon.colcon_core.verb:set package 'ukf_proj' build argument 'catkin_skip_building_tests' from command line to 'False'
[0.161s] DEBUG:colcon.colcon_core.verb:Building package 'ukf_proj' with the following arguments: {'ament_cmake_args': None, 'build_base': '/home/hyo/ukf_ws/build/ukf_proj', 'catkin_cmake_args': None, 'catkin_skip_building_tests': False, 'cmake_args': None, 'cmake_clean_cache': False, 'cmake_clean_first': False, 'cmake_force_configure': False, 'cmake_target': None, 'cmake_target_skip_unavailable': False, 'install_base': '/home/hyo/ukf_ws/install/ukf_proj', 'merge_install': False, 'path': '/home/hyo/ukf_ws/src/ukf_proj', 'symlink_install': True, 'test_result_base': None}
[0.161s] Level 5:colcon.colcon_core.verb:set package 'wamv_msgs' build argument 'cmake_args' from command line to 'None'
[0.161s] Level 5:colcon.colcon_core.verb:set package 'wamv_msgs' build argument 'cmake_target' from command line to 'None'
[0.161s] Level 5:colcon.colcon_core.verb:set package 'wamv_msgs' build argument 'cmake_target_skip_unavailable' from command line to 'False'
[0.161s] Level 5:colcon.colcon_core.verb:set package 'wamv_msgs' build argument 'cmake_clean_cache' from command line to 'False'
[0.161s] Level 5:colcon.colcon_core.verb:set package 'wamv_msgs' build argument 'cmake_clean_first' from command line to 'False'
[0.161s] Level 5:colcon.colcon_core.verb:set package 'wamv_msgs' build argument 'cmake_force_configure' from command line to 'False'
[0.161s] Level 5:colcon.colcon_core.verb:set package 'wamv_msgs' build argument 'ament_cmake_args' from command line to 'None'
[0.161s] Level 5:colcon.colcon_core.verb:set package 'wamv_msgs' build argument 'catkin_cmake_args' from command line to 'None'
[0.161s] Level 5:colcon.colcon_core.verb:set package 'wamv_msgs' build argument 'catkin_skip_building_tests' from command line to 'False'
[0.161s] DEBUG:colcon.colcon_core.verb:Building package 'wamv_msgs' with the following arguments: {'ament_cmake_args': None, 'build_base': '/home/hyo/ukf_ws/build/wamv_msgs', 'catkin_cmake_args': None, 'catkin_skip_building_tests': False, 'cmake_args': None, 'cmake_clean_cache': False, 'cmake_clean_first': False, 'cmake_force_configure': False, 'cmake_target': None, 'cmake_target_skip_unavailable': False, 'install_base': '/home/hyo/ukf_ws/install/wamv_msgs', 'merge_install': False, 'path': '/home/hyo/ukf_ws/src/wamv_msgs', 'symlink_install': True, 'test_result_base': None}
[0.161s] INFO:colcon.colcon_core.executor:Executing jobs using 'parallel' executor
[0.162s] DEBUG:colcon.colcon_parallel_executor.executor.parallel:run_until_complete
[0.162s] INFO:colcon.colcon_ros.task.ament_python.build:Building ROS package in '/home/hyo/ukf_ws/src/ukf_proj' with build type 'ament_python'
[0.162s] Level 1:colcon.colcon_core.shell:create_environment_hook('ukf_proj', 'ament_prefix_path')
[0.163s] INFO:colcon.colcon_core.plugin_system:Skipping extension 'colcon_core.shell.bat': Not used on non-Windows systems
[0.164s] INFO:colcon.colcon_core.shell:Creating environment hook '/home/hyo/ukf_ws/install/ukf_proj/share/ukf_proj/hook/ament_prefix_path.ps1'
[0.164s] INFO:colcon.colcon_core.shell:Creating environment descriptor '/home/hyo/ukf_ws/install/ukf_proj/share/ukf_proj/hook/ament_prefix_path.dsv'
[0.164s] INFO:colcon.colcon_core.shell:Creating environment hook '/home/hyo/ukf_ws/install/ukf_proj/share/ukf_proj/hook/ament_prefix_path.sh'
[0.164s] INFO:colcon.colcon_core.shell:Skip shell extension 'powershell' for command environment: Not usable outside of PowerShell
[0.164s] DEBUG:colcon.colcon_core.shell:Skip shell extension 'dsv' for command environment
[0.167s] INFO:colcon.colcon_ros.task.ament_cmake.build:Building ROS package in '/home/hyo/ukf_ws/src/wamv_msgs' with build type 'ament_cmake'
[0.167s] INFO:colcon.colcon_cmake.task.cmake.build:Building CMake package in '/home/hyo/ukf_ws/src/wamv_msgs'
[0.167s] INFO:colcon.colcon_core.shell:Skip shell extension 'powershell' for command environment: Not usable outside of PowerShell
[0.167s] DEBUG:colcon.colcon_core.shell:Skip shell extension 'dsv' for command environment
[0.300s] INFO:colcon.colcon_core.task.python.build:Building Python package in '/home/hyo/ukf_ws/src/ukf_proj'
[0.300s] INFO:colcon.colcon_core.shell:Skip shell extension 'powershell' for command environment: Not usable outside of PowerShell
[0.300s] DEBUG:colcon.colcon_core.shell:Skip shell extension 'dsv' for command environment
[0.305s] DEBUG:colcon.colcon_core.event_handler.log_command:Invoking command in '/home/hyo/ukf_ws/build/wamv_msgs': CMAKE_PREFIX_PATH=${CMAKE_PREFIX_PATH}:/home/hyo/ukf_ws/install/ukf_proj:/home/hyo/dp_ws/install/dprl:/opt/ros/humble /usr/bin/cmake --build /home/hyo/ukf_ws/build/wamv_msgs -- -j24 -l24
[0.479s] DEBUG:colcon.colcon_core.event_handler.log_command:Invoked command in '/home/hyo/ukf_ws/build/wamv_msgs' returned '0': CMAKE_PREFIX_PATH=${CMAKE_PREFIX_PATH}:/home/hyo/ukf_ws/install/ukf_proj:/home/hyo/dp_ws/install/dprl:/opt/ros/humble /usr/bin/cmake --build /home/hyo/ukf_ws/build/wamv_msgs -- -j24 -l24
[0.482s] DEBUG:colcon.colcon_core.event_handler.log_command:Invoking command in '/home/hyo/ukf_ws/build/ukf_proj': PYTHONPATH=/home/hyo/ukf_ws/build/ukf_proj/prefix_override:/usr/lib/python3/dist-packages/colcon_core/task/python/colcon_distutils_commands:/home/hyo/ukf_ws/install/ukf_proj/lib/python3.10/site-packages:${PYTHONPATH} /usr/bin/python3 -W ignore:setup.py install is deprecated setup.py develop --editable --build-directory /home/hyo/ukf_ws/build/ukf_proj/build --no-deps symlink_data
[0.534s] DEBUG:colcon.colcon_core.event_handler.log_command:Invoking command in '/home/hyo/ukf_ws/build/wamv_msgs': CMAKE_PREFIX_PATH=${CMAKE_PREFIX_PATH}:/home/hyo/ukf_ws/install/ukf_proj:/home/hyo/dp_ws/install/dprl:/opt/ros/humble /usr/bin/cmake --install /home/hyo/ukf_ws/build/wamv_msgs
[0.571s] Level 1:colcon.colcon_core.environment:create_environment_scripts_only(wamv_msgs)
[0.572s] DEBUG:colcon.colcon_core.event_handler.log_command:Invoked command in '/home/hyo/ukf_ws/build/wamv_msgs' returned '0': CMAKE_PREFIX_PATH=${CMAKE_PREFIX_PATH}:/home/hyo/ukf_ws/install/ukf_proj:/home/hyo/dp_ws/install/dprl:/opt/ros/humble /usr/bin/cmake --install /home/hyo/ukf_ws/build/wamv_msgs
[0.573s] Level 1:colcon.colcon_core.environment:checking '/home/hyo/ukf_ws/install/wamv_msgs' for CMake module files
[0.573s] Level 1:colcon.colcon_core.environment:checking '/home/hyo/ukf_ws/install/wamv_msgs' for CMake config files
[0.573s] Level 1:colcon.colcon_core.shell:create_environment_hook('wamv_msgs', 'cmake_prefix_path')
[0.574s] INFO:colcon.colcon_core.shell:Creating environment hook '/home/hyo/ukf_ws/install/wamv_msgs/share/wamv_msgs/hook/cmake_prefix_path.ps1'
[0.574s] INFO:colcon.colcon_core.shell:Creating environment descriptor '/home/hyo/ukf_ws/install/wamv_msgs/share/wamv_msgs/hook/cmake_prefix_path.dsv'
[0.574s] INFO:colcon.colcon_core.shell:Creating environment hook '/home/hyo/ukf_ws/install/wamv_msgs/share/wamv_msgs/hook/cmake_prefix_path.sh'
[0.574s] Level 1:colcon.colcon_core.environment:checking '/home/hyo/ukf_ws/install/wamv_msgs/lib'
[0.574s] Level 1:colcon.colcon_core.shell:create_environment_hook('wamv_msgs', 'ld_library_path_lib')
[0.575s] INFO:colcon.colcon_core.shell:Creating environment hook '/home/hyo/ukf_ws/install/wamv_msgs/share/wamv_msgs/hook/ld_library_path_lib.ps1'
[0.575s] INFO:colcon.colcon_core.shell:Creating environment descriptor '/home/hyo/ukf_ws/install/wamv_msgs/share/wamv_msgs/hook/ld_library_path_lib.dsv'
[0.575s] INFO:colcon.colcon_core.shell:Creating environment hook '/home/hyo/ukf_ws/install/wamv_msgs/share/wamv_msgs/hook/ld_library_path_lib.sh'
[0.575s] Level 1:colcon.colcon_core.environment:checking '/home/hyo/ukf_ws/install/wamv_msgs/bin'
[0.575s] Level 1:colcon.colcon_core.environment:checking '/home/hyo/ukf_ws/install/wamv_msgs/lib/pkgconfig/wamv_msgs.pc'
[0.575s] Level 1:colcon.colcon_core.environment:checking '/home/hyo/ukf_ws/install/wamv_msgs/lib/python3.10/site-packages'
[0.575s] Level 1:colcon.colcon_core.environment:checking '/home/hyo/ukf_ws/install/wamv_msgs/bin'
[0.575s] INFO:colcon.colcon_core.shell:Creating package script '/home/hyo/ukf_ws/install/wamv_msgs/share/wamv_msgs/package.ps1'
[0.576s] INFO:colcon.colcon_core.shell:Creating package descriptor '/home/hyo/ukf_ws/install/wamv_msgs/share/wamv_msgs/package.dsv'
[0.576s] INFO:colcon.colcon_core.shell:Creating package script '/home/hyo/ukf_ws/install/wamv_msgs/share/wamv_msgs/package.sh'
[0.577s] INFO:colcon.colcon_core.shell:Creating package script '/home/hyo/ukf_ws/install/wamv_msgs/share/wamv_msgs/package.bash'
[0.577s] INFO:colcon.colcon_core.shell:Creating package script '/home/hyo/ukf_ws/install/wamv_msgs/share/wamv_msgs/package.zsh'
[0.578s] Level 1:colcon.colcon_core.environment:create_file_with_runtime_dependencies(/home/hyo/ukf_ws/install/wamv_msgs/share/colcon-core/packages/wamv_msgs)
[0.627s] Level 1:colcon.colcon_core.environment:create_environment_scripts_only(wamv_msgs)
[0.627s] Level 1:colcon.colcon_core.environment:checking '/home/hyo/ukf_ws/install/wamv_msgs' for CMake module files
[0.628s] Level 1:colcon.colcon_core.environment:checking '/home/hyo/ukf_ws/install/wamv_msgs' for CMake config files
[0.629s] Level 1:colcon.colcon_core.shell:create_environment_hook('wamv_msgs', 'cmake_prefix_path')
[0.629s] INFO:colcon.colcon_core.shell:Creating environment hook '/home/hyo/ukf_ws/install/wamv_msgs/share/wamv_msgs/hook/cmake_prefix_path.ps1'
[0.630s] INFO:colcon.colcon_core.shell:Creating environment descriptor '/home/hyo/ukf_ws/install/wamv_msgs/share/wamv_msgs/hook/cmake_prefix_path.dsv'
[0.630s] INFO:colcon.colcon_core.shell:Creating environment hook '/home/hyo/ukf_ws/install/wamv_msgs/share/wamv_msgs/hook/cmake_prefix_path.sh'
[0.630s] Level 1:colcon.colcon_core.environment:checking '/home/hyo/ukf_ws/install/wamv_msgs/lib'
[0.630s] Level 1:colcon.colcon_core.shell:create_environment_hook('wamv_msgs', 'ld_library_path_lib')
[0.630s] INFO:colcon.colcon_core.shell:Creating environment hook '/home/hyo/ukf_ws/install/wamv_msgs/share/wamv_msgs/hook/ld_library_path_lib.ps1'
[0.631s] INFO:colcon.colcon_core.shell:Creating environment descriptor '/home/hyo/ukf_ws/install/wamv_msgs/share/wamv_msgs/hook/ld_library_path_lib.dsv'
[0.631s] INFO:colcon.colcon_core.shell:Creating environment hook '/home/hyo/ukf_ws/install/wamv_msgs/share/wamv_msgs/hook/ld_library_path_lib.sh'
[0.631s] Level 1:colcon.colcon_core.environment:checking '/home/hyo/ukf_ws/install/wamv_msgs/bin'
[0.631s] Level 1:colcon.colcon_core.environment:checking '/home/hyo/ukf_ws/install/wamv_msgs/lib/pkgconfig/wamv_msgs.pc'
[0.631s] Level 1:colcon.colcon_core.environment:checking '/home/hyo/ukf_ws/install/wamv_msgs/lib/python3.10/site-packages'
[0.631s] Level 1:colcon.colcon_core.environment:checking '/home/hyo/ukf_ws/install/wamv_msgs/bin'
[0.631s] INFO:colcon.colcon_core.shell:Creating package script '/home/hyo/ukf_ws/install/wamv_msgs/share/wamv_msgs/package.ps1'
[0.632s] INFO:colcon.colcon_core.shell:Creating package descriptor '/home/hyo/ukf_ws/install/wamv_msgs/share/wamv_msgs/package.dsv'
[0.632s] INFO:colcon.colcon_core.shell:Creating package script '/home/hyo/ukf_ws/install/wamv_msgs/share/wamv_msgs/package.sh'
[0.632s] INFO:colcon.colcon_core.shell:Creating package script '/home/hyo/ukf_ws/install/wamv_msgs/share/wamv_msgs/package.bash'
[0.632s] INFO:colcon.colcon_core.shell:Creating package script '/home/hyo/ukf_ws/install/wamv_msgs/share/wamv_msgs/package.zsh'
[0.632s] Level 1:colcon.colcon_core.environment:create_file_with_runtime_dependencies(/home/hyo/ukf_ws/install/wamv_msgs/share/colcon-core/packages/wamv_msgs)
[0.710s] Level 1:colcon.colcon_core.shell:create_environment_hook('ukf_proj', 'pythonpath_develop')
[0.711s] DEBUG:colcon.colcon_core.event_handler.log_command:Invoked command in '/home/hyo/ukf_ws/build/ukf_proj' returned '0': PYTHONPATH=/home/hyo/ukf_ws/build/ukf_proj/prefix_override:/usr/lib/python3/dist-packages/colcon_core/task/python/colcon_distutils_commands:/home/hyo/ukf_ws/install/ukf_proj/lib/python3.10/site-packages:${PYTHONPATH} /usr/bin/python3 -W ignore:setup.py install is deprecated setup.py develop --editable --build-directory /home/hyo/ukf_ws/build/ukf_proj/build --no-deps symlink_data
[0.711s] INFO:colcon.colcon_core.shell:Creating environment hook '/home/hyo/ukf_ws/build/ukf_proj/share/ukf_proj/hook/pythonpath_develop.ps1'
[0.711s] INFO:colcon.colcon_core.shell:Creating environment descriptor '/home/hyo/ukf_ws/build/ukf_proj/share/ukf_proj/hook/pythonpath_develop.dsv'
[0.711s] INFO:colcon.colcon_core.shell:Creating environment hook '/home/hyo/ukf_ws/build/ukf_proj/share/ukf_proj/hook/pythonpath_develop.sh'
[0.712s] Level 1:colcon.colcon_core.environment:checking '/home/hyo/ukf_ws/install/ukf_proj' for CMake module files
[0.712s] Level 1:colcon.colcon_core.environment:checking '/home/hyo/ukf_ws/install/ukf_proj' for CMake config files
[0.712s] Level 1:colcon.colcon_core.environment:checking '/home/hyo/ukf_ws/install/ukf_proj/lib'
[0.712s] Level 1:colcon.colcon_core.environment:checking '/home/hyo/ukf_ws/install/ukf_proj/bin'
[0.712s] Level 1:colcon.colcon_core.environment:checking '/home/hyo/ukf_ws/install/ukf_proj/lib/pkgconfig/ukf_proj.pc'
[0.712s] Level 1:colcon.colcon_core.environment:checking '/home/hyo/ukf_ws/install/ukf_proj/lib/python3.10/site-packages'
[0.712s] Level 1:colcon.colcon_core.shell:create_environment_hook('ukf_proj', 'pythonpath')
[0.712s] INFO:colcon.colcon_core.shell:Creating environment hook '/home/hyo/ukf_ws/install/ukf_proj/share/ukf_proj/hook/pythonpath.ps1'
[0.713s] INFO:colcon.colcon_core.shell:Creating environment descriptor '/home/hyo/ukf_ws/install/ukf_proj/share/ukf_proj/hook/pythonpath.dsv'
[0.713s] INFO:colcon.colcon_core.shell:Creating environment hook '/home/hyo/ukf_ws/install/ukf_proj/share/ukf_proj/hook/pythonpath.sh'
[0.713s] Level 1:colcon.colcon_core.environment:checking '/home/hyo/ukf_ws/install/ukf_proj/bin'
[0.713s] Level 1:colcon.colcon_core.environment:create_environment_scripts_only(ukf_proj)
[0.713s] INFO:colcon.colcon_core.shell:Creating package script '/home/hyo/ukf_ws/install/ukf_proj/share/ukf_proj/package.ps1'
[0.713s] INFO:colcon.colcon_core.shell:Creating package descriptor '/home/hyo/ukf_ws/install/ukf_proj/share/ukf_proj/package.dsv'
[0.714s] INFO:colcon.colcon_core.shell:Creating package script '/home/hyo/ukf_ws/install/ukf_proj/share/ukf_proj/package.sh'
[0.714s] INFO:colcon.colcon_core.shell:Creating package script '/home/hyo/ukf_ws/install/ukf_proj/share/ukf_proj/package.bash'
[0.714s] INFO:colcon.colcon_core.shell:Creating package script '/home/hyo/ukf_ws/install/ukf_proj/share/ukf_proj/package.zsh'
[0.714s] Level 1:colcon.colcon_core.environment:create_file_with_runtime_dependencies(/home/hyo/ukf_ws/install/ukf_proj/share/colcon-core/packages/ukf_proj)
[0.714s] DEBUG:colcon.colcon_parallel_executor.executor.parallel:closing loop
[0.714s] DEBUG:colcon.colcon_parallel_executor.executor.parallel:loop closed
[0.714s] DEBUG:colcon.colcon_parallel_executor.executor.parallel:run_until_complete finished with '0'
[0.714s] DEBUG:colcon.colcon_core.event_reactor:joining thread
[0.724s] INFO:colcon.colcon_core.plugin_system:Skipping extension 'colcon_notification.desktop_notification.notify_send': Could not find 'notify-send'
[0.724s] INFO:colcon.colcon_core.plugin_system:Skipping extension 'colcon_notification.desktop_notification.terminal_notifier': Not used on non-Darwin systems
[0.724s] INFO:colcon.colcon_core.plugin_system:Skipping extension 'colcon_notification.desktop_notification.win32': Not used on non-Windows systems
[0.724s] INFO:colcon.colcon_notification.desktop_notification:Sending desktop notification using 'notify2'
[0.726s] DEBUG:colcon.colcon_notification.desktop_notification.notify2:Failed to initialize notify2: org.freedesktop.DBus.Error.Spawn.ExecFailed: /usr/bin/dbus-launch terminated abnormally without any error message
[0.726s] DEBUG:colcon.colcon_core.event_reactor:joined thread
[0.726s] INFO:colcon.colcon_core.shell:Creating prefix script '/home/hyo/ukf_ws/install/local_setup.ps1'
[0.727s] INFO:colcon.colcon_core.shell:Creating prefix util module '/home/hyo/ukf_ws/install/_local_setup_util_ps1.py'
[0.728s] INFO:colcon.colcon_core.shell:Creating prefix chain script '/home/hyo/ukf_ws/install/setup.ps1'
[0.729s] INFO:colcon.colcon_core.shell:Creating prefix script '/home/hyo/ukf_ws/install/local_setup.sh'
[0.729s] INFO:colcon.colcon_core.shell:Creating prefix util module '/home/hyo/ukf_ws/install/_local_setup_util_sh.py'
[0.729s] INFO:colcon.colcon_core.shell:Creating prefix chain script '/home/hyo/ukf_ws/install/setup.sh'
[0.730s] INFO:colcon.colcon_core.shell:Creating prefix script '/home/hyo/ukf_ws/install/local_setup.bash'
[0.730s] INFO:colcon.colcon_core.shell:Creating prefix chain script '/home/hyo/ukf_ws/install/setup.bash'
[0.731s] INFO:colcon.colcon_core.shell:Creating prefix script '/home/hyo/ukf_ws/install/local_setup.zsh'
[0.731s] INFO:colcon.colcon_core.shell:Creating prefix chain script '/home/hyo/ukf_ws/install/setup.zsh'
