[  1%] Built target wamv_msgs__cpp
[ 12%] Built target wamv_msgs__rosidl_generator_c
[ 12%] Built target ament_cmake_python_symlink_wamv_msgs
[ 46%] Built target wamv_msgs__rosidl_typesupport_cpp
[ 46%] Built target wamv_msgs__rosidl_typesupport_introspection_c
[ 46%] Built target wamv_msgs__rosidl_typesupport_c
[ 57%] Built target wamv_msgs__rosidl_typesupport_fastrtps_cpp
[ 68%] Built target wamv_msgs__rosidl_typesupport_fastrtps_c
[ 79%] Built target wamv_msgs__rosidl_typesupport_introspection_cpp
[ 79%] Built target wamv_msgs
[ 80%] Built target wamv_msgs__py
[ 90%] Built target wamv_msgs__rosidl_generator_py
[100%] Built target wamv_msgs__rosidl_typesupport_c__pyext
[100%] Built target wamv_msgs__rosidl_typesupport_introspection_c__pyext
[100%] Built target wamv_msgs__rosidl_typesupport_fastrtps_c__pyext
running egg_info
writing wamv_msgs.egg-info/PKG-INFO
writing dependency_links to wamv_msgs.egg-info/dependency_links.txt
writing top-level names to wamv_msgs.egg-info/top_level.txt
reading manifest file 'wamv_msgs.egg-info/SOURCES.txt'
writing manifest file 'wamv_msgs.egg-info/SOURCES.txt'
[100%] Built target ament_cmake_python_build_wamv_msgs_egg
-- Install configuration: ""
-- Execute custom install script
-- Up-to-date symlink: /home/hyo/ukf_ws/install/wamv_msgs/share/ament_index/resource_index/rosidl_interfaces/wamv_msgs
-- Up-to-date symlink: /home/hyo/ukf_ws/install/wamv_msgs/include/wamv_msgs/wamv_msgs/msg/control_type.h
-- Up-to-date symlink: /home/hyo/ukf_ws/install/wamv_msgs/include/wamv_msgs/wamv_msgs/msg/detail/control_type__functions.h
-- Up-to-date symlink: /home/hyo/ukf_ws/install/wamv_msgs/include/wamv_msgs/wamv_msgs/msg/detail/control_type__struct.h
-- Up-to-date symlink: /home/hyo/ukf_ws/install/wamv_msgs/include/wamv_msgs/wamv_msgs/msg/detail/control_type__type_support.h
-- Up-to-date symlink: /home/hyo/ukf_ws/install/wamv_msgs/include/wamv_msgs/wamv_msgs/msg/detail/guidance_type__functions.h
-- Up-to-date symlink: /home/hyo/ukf_ws/install/wamv_msgs/include/wamv_msgs/wamv_msgs/msg/detail/guidance_type__struct.h
-- Up-to-date symlink: /home/hyo/ukf_ws/install/wamv_msgs/include/wamv_msgs/wamv_msgs/msg/detail/guidance_type__type_support.h
-- Up-to-date symlink: /home/hyo/ukf_ws/install/wamv_msgs/include/wamv_msgs/wamv_msgs/msg/detail/navigation_type__functions.h
-- Up-to-date symlink: /home/hyo/ukf_ws/install/wamv_msgs/include/wamv_msgs/wamv_msgs/msg/detail/navigation_type__struct.h
-- Up-to-date symlink: /home/hyo/ukf_ws/install/wamv_msgs/include/wamv_msgs/wamv_msgs/msg/detail/navigation_type__type_support.h
-- Up-to-date symlink: /home/hyo/ukf_ws/install/wamv_msgs/include/wamv_msgs/wamv_msgs/msg/detail/rl_type__functions.h
-- Up-to-date symlink: /home/hyo/ukf_ws/install/wamv_msgs/include/wamv_msgs/wamv_msgs/msg/detail/rl_type__struct.h
-- Up-to-date symlink: /home/hyo/ukf_ws/install/wamv_msgs/include/wamv_msgs/wamv_msgs/msg/detail/rl_type__type_support.h
-- Up-to-date symlink: /home/hyo/ukf_ws/install/wamv_msgs/include/wamv_msgs/wamv_msgs/msg/detail/wamv_info__functions.h
-- Up-to-date symlink: /home/hyo/ukf_ws/install/wamv_msgs/include/wamv_msgs/wamv_msgs/msg/detail/wamv_info__struct.h
-- Up-to-date symlink: /home/hyo/ukf_ws/install/wamv_msgs/include/wamv_msgs/wamv_msgs/msg/detail/wamv_info__type_support.h
-- Up-to-date symlink: /home/hyo/ukf_ws/install/wamv_msgs/include/wamv_msgs/wamv_msgs/msg/guidance_type.h
-- Up-to-date symlink: /home/hyo/ukf_ws/install/wamv_msgs/include/wamv_msgs/wamv_msgs/msg/navigation_type.h
-- Up-to-date symlink: /home/hyo/ukf_ws/install/wamv_msgs/include/wamv_msgs/wamv_msgs/msg/rl_type.h
-- Up-to-date symlink: /home/hyo/ukf_ws/install/wamv_msgs/include/wamv_msgs/wamv_msgs/msg/rosidl_generator_c__visibility_control.h
-- Up-to-date symlink: /home/hyo/ukf_ws/install/wamv_msgs/include/wamv_msgs/wamv_msgs/msg/wamv_info.h
-- Up-to-date symlink: /home/hyo/ukf_ws/install/wamv_msgs/share/wamv_msgs/environment/library_path.sh
-- Up-to-date symlink: /home/hyo/ukf_ws/install/wamv_msgs/share/wamv_msgs/environment/library_path.dsv
-- Up-to-date symlink: /home/hyo/ukf_ws/install/wamv_msgs/include/wamv_msgs/wamv_msgs/msg/detail/control_type__rosidl_typesupport_fastrtps_c.h
-- Up-to-date symlink: /home/hyo/ukf_ws/install/wamv_msgs/include/wamv_msgs/wamv_msgs/msg/detail/guidance_type__rosidl_typesupport_fastrtps_c.h
-- Up-to-date symlink: /home/hyo/ukf_ws/install/wamv_msgs/include/wamv_msgs/wamv_msgs/msg/detail/navigation_type__rosidl_typesupport_fastrtps_c.h
-- Up-to-date symlink: /home/hyo/ukf_ws/install/wamv_msgs/include/wamv_msgs/wamv_msgs/msg/detail/rl_type__rosidl_typesupport_fastrtps_c.h
-- Up-to-date symlink: /home/hyo/ukf_ws/install/wamv_msgs/include/wamv_msgs/wamv_msgs/msg/detail/wamv_info__rosidl_typesupport_fastrtps_c.h
-- Up-to-date symlink: /home/hyo/ukf_ws/install/wamv_msgs/include/wamv_msgs/wamv_msgs/msg/rosidl_typesupport_fastrtps_c__visibility_control.h
-- Up-to-date symlink: /home/hyo/ukf_ws/install/wamv_msgs/include/wamv_msgs/wamv_msgs/msg/control_type.hpp
-- Up-to-date symlink: /home/hyo/ukf_ws/install/wamv_msgs/include/wamv_msgs/wamv_msgs/msg/detail/control_type__builder.hpp
-- Up-to-date symlink: /home/hyo/ukf_ws/install/wamv_msgs/include/wamv_msgs/wamv_msgs/msg/detail/control_type__struct.hpp
-- Up-to-date symlink: /home/hyo/ukf_ws/install/wamv_msgs/include/wamv_msgs/wamv_msgs/msg/detail/control_type__traits.hpp
-- Up-to-date symlink: /home/hyo/ukf_ws/install/wamv_msgs/include/wamv_msgs/wamv_msgs/msg/detail/guidance_type__builder.hpp
-- Up-to-date symlink: /home/hyo/ukf_ws/install/wamv_msgs/include/wamv_msgs/wamv_msgs/msg/detail/guidance_type__struct.hpp
-- Up-to-date symlink: /home/hyo/ukf_ws/install/wamv_msgs/include/wamv_msgs/wamv_msgs/msg/detail/guidance_type__traits.hpp
-- Up-to-date symlink: /home/hyo/ukf_ws/install/wamv_msgs/include/wamv_msgs/wamv_msgs/msg/detail/navigation_type__builder.hpp
-- Up-to-date symlink: /home/hyo/ukf_ws/install/wamv_msgs/include/wamv_msgs/wamv_msgs/msg/detail/navigation_type__struct.hpp
-- Up-to-date symlink: /home/hyo/ukf_ws/install/wamv_msgs/include/wamv_msgs/wamv_msgs/msg/detail/navigation_type__traits.hpp
-- Up-to-date symlink: /home/hyo/ukf_ws/install/wamv_msgs/include/wamv_msgs/wamv_msgs/msg/detail/rl_type__builder.hpp
-- Up-to-date symlink: /home/hyo/ukf_ws/install/wamv_msgs/include/wamv_msgs/wamv_msgs/msg/detail/rl_type__struct.hpp
-- Up-to-date symlink: /home/hyo/ukf_ws/install/wamv_msgs/include/wamv_msgs/wamv_msgs/msg/detail/rl_type__traits.hpp
-- Up-to-date symlink: /home/hyo/ukf_ws/install/wamv_msgs/include/wamv_msgs/wamv_msgs/msg/detail/wamv_info__builder.hpp
-- Up-to-date symlink: /home/hyo/ukf_ws/install/wamv_msgs/include/wamv_msgs/wamv_msgs/msg/detail/wamv_info__struct.hpp
-- Up-to-date symlink: /home/hyo/ukf_ws/install/wamv_msgs/include/wamv_msgs/wamv_msgs/msg/detail/wamv_info__traits.hpp
-- Up-to-date symlink: /home/hyo/ukf_ws/install/wamv_msgs/include/wamv_msgs/wamv_msgs/msg/guidance_type.hpp
-- Up-to-date symlink: /home/hyo/ukf_ws/install/wamv_msgs/include/wamv_msgs/wamv_msgs/msg/navigation_type.hpp
-- Up-to-date symlink: /home/hyo/ukf_ws/install/wamv_msgs/include/wamv_msgs/wamv_msgs/msg/rl_type.hpp
-- Up-to-date symlink: /home/hyo/ukf_ws/install/wamv_msgs/include/wamv_msgs/wamv_msgs/msg/wamv_info.hpp
-- Up-to-date symlink: /home/hyo/ukf_ws/install/wamv_msgs/include/wamv_msgs/wamv_msgs/msg/detail/control_type__rosidl_typesupport_fastrtps_cpp.hpp
-- Up-to-date symlink: /home/hyo/ukf_ws/install/wamv_msgs/include/wamv_msgs/wamv_msgs/msg/detail/guidance_type__rosidl_typesupport_fastrtps_cpp.hpp
-- Up-to-date symlink: /home/hyo/ukf_ws/install/wamv_msgs/include/wamv_msgs/wamv_msgs/msg/detail/navigation_type__rosidl_typesupport_fastrtps_cpp.hpp
-- Up-to-date symlink: /home/hyo/ukf_ws/install/wamv_msgs/include/wamv_msgs/wamv_msgs/msg/detail/rl_type__rosidl_typesupport_fastrtps_cpp.hpp
-- Up-to-date symlink: /home/hyo/ukf_ws/install/wamv_msgs/include/wamv_msgs/wamv_msgs/msg/detail/wamv_info__rosidl_typesupport_fastrtps_cpp.hpp
-- Up-to-date symlink: /home/hyo/ukf_ws/install/wamv_msgs/include/wamv_msgs/wamv_msgs/msg/rosidl_typesupport_fastrtps_cpp__visibility_control.h
-- Up-to-date symlink: /home/hyo/ukf_ws/install/wamv_msgs/include/wamv_msgs/wamv_msgs/msg/detail/control_type__rosidl_typesupport_introspection_c.h
-- Up-to-date symlink: /home/hyo/ukf_ws/install/wamv_msgs/include/wamv_msgs/wamv_msgs/msg/detail/guidance_type__rosidl_typesupport_introspection_c.h
-- Up-to-date symlink: /home/hyo/ukf_ws/install/wamv_msgs/include/wamv_msgs/wamv_msgs/msg/detail/navigation_type__rosidl_typesupport_introspection_c.h
-- Up-to-date symlink: /home/hyo/ukf_ws/install/wamv_msgs/include/wamv_msgs/wamv_msgs/msg/detail/rl_type__rosidl_typesupport_introspection_c.h
-- Up-to-date symlink: /home/hyo/ukf_ws/install/wamv_msgs/include/wamv_msgs/wamv_msgs/msg/detail/wamv_info__rosidl_typesupport_introspection_c.h
-- Up-to-date symlink: /home/hyo/ukf_ws/install/wamv_msgs/include/wamv_msgs/wamv_msgs/msg/rosidl_typesupport_introspection_c__visibility_control.h
-- Up-to-date symlink: /home/hyo/ukf_ws/install/wamv_msgs/include/wamv_msgs/wamv_msgs/msg/detail/control_type__rosidl_typesupport_introspection_cpp.hpp
-- Up-to-date symlink: /home/hyo/ukf_ws/install/wamv_msgs/include/wamv_msgs/wamv_msgs/msg/detail/guidance_type__rosidl_typesupport_introspection_cpp.hpp
-- Up-to-date symlink: /home/hyo/ukf_ws/install/wamv_msgs/include/wamv_msgs/wamv_msgs/msg/detail/navigation_type__rosidl_typesupport_introspection_cpp.hpp
-- Up-to-date symlink: /home/hyo/ukf_ws/install/wamv_msgs/include/wamv_msgs/wamv_msgs/msg/detail/rl_type__rosidl_typesupport_introspection_cpp.hpp
-- Up-to-date symlink: /home/hyo/ukf_ws/install/wamv_msgs/include/wamv_msgs/wamv_msgs/msg/detail/wamv_info__rosidl_typesupport_introspection_cpp.hpp
-- Up-to-date symlink: /home/hyo/ukf_ws/install/wamv_msgs/share/wamv_msgs/environment/pythonpath.sh
-- Up-to-date symlink: /home/hyo/ukf_ws/install/wamv_msgs/share/wamv_msgs/environment/pythonpath.dsv
-- Up-to-date symlink: /home/hyo/ukf_ws/install/wamv_msgs/local/lib/python3.10/dist-packages/wamv_msgs-0.0.0-py3.10.egg-info/PKG-INFO
-- Up-to-date symlink: /home/hyo/ukf_ws/install/wamv_msgs/local/lib/python3.10/dist-packages/wamv_msgs-0.0.0-py3.10.egg-info/SOURCES.txt
-- Up-to-date symlink: /home/hyo/ukf_ws/install/wamv_msgs/local/lib/python3.10/dist-packages/wamv_msgs-0.0.0-py3.10.egg-info/dependency_links.txt
-- Up-to-date symlink: /home/hyo/ukf_ws/install/wamv_msgs/local/lib/python3.10/dist-packages/wamv_msgs-0.0.0-py3.10.egg-info/top_level.txt
-- Up-to-date symlink: /home/hyo/ukf_ws/install/wamv_msgs/local/lib/python3.10/dist-packages/wamv_msgs/__init__.py
-- Up-to-date symlink: /home/hyo/ukf_ws/install/wamv_msgs/local/lib/python3.10/dist-packages/wamv_msgs/_wamv_msgs_s.ep.rosidl_typesupport_c.c
-- Up-to-date symlink: /home/hyo/ukf_ws/install/wamv_msgs/local/lib/python3.10/dist-packages/wamv_msgs/_wamv_msgs_s.ep.rosidl_typesupport_fastrtps_c.c
-- Up-to-date symlink: /home/hyo/ukf_ws/install/wamv_msgs/local/lib/python3.10/dist-packages/wamv_msgs/_wamv_msgs_s.ep.rosidl_typesupport_introspection_c.c
-- Up-to-date symlink: /home/hyo/ukf_ws/install/wamv_msgs/local/lib/python3.10/dist-packages/wamv_msgs/libwamv_msgs__rosidl_generator_py.so
-- Up-to-date symlink: /home/hyo/ukf_ws/install/wamv_msgs/local/lib/python3.10/dist-packages/wamv_msgs/msg/__init__.py
-- Up-to-date symlink: /home/hyo/ukf_ws/install/wamv_msgs/local/lib/python3.10/dist-packages/wamv_msgs/msg/_control_type.py
-- Up-to-date symlink: /home/hyo/ukf_ws/install/wamv_msgs/local/lib/python3.10/dist-packages/wamv_msgs/msg/_control_type_s.c
-- Up-to-date symlink: /home/hyo/ukf_ws/install/wamv_msgs/local/lib/python3.10/dist-packages/wamv_msgs/msg/_guidance_type.py
-- Up-to-date symlink: /home/hyo/ukf_ws/install/wamv_msgs/local/lib/python3.10/dist-packages/wamv_msgs/msg/_guidance_type_s.c
-- Up-to-date symlink: /home/hyo/ukf_ws/install/wamv_msgs/local/lib/python3.10/dist-packages/wamv_msgs/msg/_navigation_type.py
-- Up-to-date symlink: /home/hyo/ukf_ws/install/wamv_msgs/local/lib/python3.10/dist-packages/wamv_msgs/msg/_navigation_type_s.c
-- Up-to-date symlink: /home/hyo/ukf_ws/install/wamv_msgs/local/lib/python3.10/dist-packages/wamv_msgs/msg/_rl_type.py
-- Up-to-date symlink: /home/hyo/ukf_ws/install/wamv_msgs/local/lib/python3.10/dist-packages/wamv_msgs/msg/_rl_type_s.c
-- Up-to-date symlink: /home/hyo/ukf_ws/install/wamv_msgs/local/lib/python3.10/dist-packages/wamv_msgs/msg/_wamv_info.py
-- Up-to-date symlink: /home/hyo/ukf_ws/install/wamv_msgs/local/lib/python3.10/dist-packages/wamv_msgs/msg/_wamv_info_s.c
-- Up-to-date symlink: /home/hyo/ukf_ws/install/wamv_msgs/local/lib/python3.10/dist-packages/wamv_msgs/wamv_msgs_s__rosidl_typesupport_c.cpython-310-x86_64-linux-gnu.so
-- Up-to-date symlink: /home/hyo/ukf_ws/install/wamv_msgs/local/lib/python3.10/dist-packages/wamv_msgs/wamv_msgs_s__rosidl_typesupport_fastrtps_c.cpython-310-x86_64-linux-gnu.so
-- Up-to-date symlink: /home/hyo/ukf_ws/install/wamv_msgs/local/lib/python3.10/dist-packages/wamv_msgs/wamv_msgs_s__rosidl_typesupport_introspection_c.cpython-310-x86_64-linux-gnu.so
-- Up-to-date symlink: /home/hyo/ukf_ws/install/wamv_msgs/local/lib/python3.10/dist-packages/wamv_msgs/wamv_msgs_s__rosidl_typesupport_fastrtps_c.cpython-310-x86_64-linux-gnu.so
-- Up-to-date symlink: /home/hyo/ukf_ws/install/wamv_msgs/local/lib/python3.10/dist-packages/wamv_msgs/wamv_msgs_s__rosidl_typesupport_introspection_c.cpython-310-x86_64-linux-gnu.so
-- Up-to-date symlink: /home/hyo/ukf_ws/install/wamv_msgs/local/lib/python3.10/dist-packages/wamv_msgs/wamv_msgs_s__rosidl_typesupport_c.cpython-310-x86_64-linux-gnu.so
-- Up-to-date symlink: /home/hyo/ukf_ws/install/wamv_msgs/share/wamv_msgs/msg/NavigationType.idl
-- Up-to-date symlink: /home/hyo/ukf_ws/install/wamv_msgs/share/wamv_msgs/msg/ControlType.idl
-- Up-to-date symlink: /home/hyo/ukf_ws/install/wamv_msgs/share/wamv_msgs/msg/GuidanceType.idl
-- Up-to-date symlink: /home/hyo/ukf_ws/install/wamv_msgs/share/wamv_msgs/msg/WAMVInfo.idl
-- Up-to-date symlink: /home/hyo/ukf_ws/install/wamv_msgs/share/wamv_msgs/msg/RLType.idl
-- Up-to-date symlink: /home/hyo/ukf_ws/install/wamv_msgs/share/wamv_msgs/msg/NavigationType.msg
-- Up-to-date symlink: /home/hyo/ukf_ws/install/wamv_msgs/share/wamv_msgs/msg/ControlType.msg
-- Up-to-date symlink: /home/hyo/ukf_ws/install/wamv_msgs/share/wamv_msgs/msg/GuidanceType.msg
-- Up-to-date symlink: /home/hyo/ukf_ws/install/wamv_msgs/share/wamv_msgs/msg/WAMVInfo.msg
-- Up-to-date symlink: /home/hyo/ukf_ws/install/wamv_msgs/share/wamv_msgs/msg/RLType.msg
-- Up-to-date symlink: /home/hyo/ukf_ws/install/wamv_msgs/share/ament_index/resource_index/package_run_dependencies/wamv_msgs
-- Up-to-date symlink: /home/hyo/ukf_ws/install/wamv_msgs/share/ament_index/resource_index/parent_prefix_path/wamv_msgs
-- Up-to-date symlink: /home/hyo/ukf_ws/install/wamv_msgs/share/wamv_msgs/environment/ament_prefix_path.sh
-- Up-to-date symlink: /home/hyo/ukf_ws/install/wamv_msgs/share/wamv_msgs/environment/ament_prefix_path.dsv
-- Up-to-date symlink: /home/hyo/ukf_ws/install/wamv_msgs/share/wamv_msgs/environment/path.sh
-- Up-to-date symlink: /home/hyo/ukf_ws/install/wamv_msgs/share/wamv_msgs/environment/path.dsv
-- Up-to-date symlink: /home/hyo/ukf_ws/install/wamv_msgs/share/wamv_msgs/local_setup.bash
-- Up-to-date symlink: /home/hyo/ukf_ws/install/wamv_msgs/share/wamv_msgs/local_setup.sh
-- Up-to-date symlink: /home/hyo/ukf_ws/install/wamv_msgs/share/wamv_msgs/local_setup.zsh
-- Up-to-date symlink: /home/hyo/ukf_ws/install/wamv_msgs/share/wamv_msgs/local_setup.dsv
-- Symlinking: /home/hyo/ukf_ws/install/wamv_msgs/share/wamv_msgs/package.dsv
-- Up-to-date symlink: /home/hyo/ukf_ws/install/wamv_msgs/share/ament_index/resource_index/packages/wamv_msgs
-- Up-to-date symlink: /home/hyo/ukf_ws/install/wamv_msgs/share/wamv_msgs/cmake/rosidl_cmake-extras.cmake
-- Up-to-date symlink: /home/hyo/ukf_ws/install/wamv_msgs/share/wamv_msgs/cmake/ament_cmake_export_dependencies-extras.cmake
-- Up-to-date symlink: /home/hyo/ukf_ws/install/wamv_msgs/share/wamv_msgs/cmake/ament_cmake_export_include_directories-extras.cmake
-- Up-to-date symlink: /home/hyo/ukf_ws/install/wamv_msgs/share/wamv_msgs/cmake/ament_cmake_export_libraries-extras.cmake
-- Up-to-date symlink: /home/hyo/ukf_ws/install/wamv_msgs/share/wamv_msgs/cmake/ament_cmake_export_targets-extras.cmake
-- Up-to-date symlink: /home/hyo/ukf_ws/install/wamv_msgs/share/wamv_msgs/cmake/rosidl_cmake_export_typesupport_targets-extras.cmake
-- Up-to-date symlink: /home/hyo/ukf_ws/install/wamv_msgs/share/wamv_msgs/cmake/rosidl_cmake_export_typesupport_libraries-extras.cmake
-- Up-to-date symlink: /home/hyo/ukf_ws/install/wamv_msgs/share/wamv_msgs/cmake/wamv_msgsConfig.cmake
-- Up-to-date symlink: /home/hyo/ukf_ws/install/wamv_msgs/share/wamv_msgs/cmake/wamv_msgsConfig-version.cmake
-- Up-to-date symlink: /home/hyo/ukf_ws/install/wamv_msgs/share/wamv_msgs/package.xml
-- Up-to-date: /home/hyo/ukf_ws/install/wamv_msgs/lib/libwamv_msgs__rosidl_generator_c.so
-- Up-to-date: /home/hyo/ukf_ws/install/wamv_msgs/lib/libwamv_msgs__rosidl_typesupport_fastrtps_c.so
-- Up-to-date: /home/hyo/ukf_ws/install/wamv_msgs/lib/libwamv_msgs__rosidl_typesupport_fastrtps_cpp.so
-- Up-to-date: /home/hyo/ukf_ws/install/wamv_msgs/lib/libwamv_msgs__rosidl_typesupport_introspection_c.so
-- Up-to-date: /home/hyo/ukf_ws/install/wamv_msgs/lib/libwamv_msgs__rosidl_typesupport_c.so
-- Up-to-date: /home/hyo/ukf_ws/install/wamv_msgs/lib/libwamv_msgs__rosidl_typesupport_introspection_cpp.so
-- Up-to-date: /home/hyo/ukf_ws/install/wamv_msgs/lib/libwamv_msgs__rosidl_typesupport_cpp.so
Listing '/home/hyo/ukf_ws/install/wamv_msgs/local/lib/python3.10/dist-packages/wamv_msgs'...
Listing '/home/hyo/ukf_ws/install/wamv_msgs/local/lib/python3.10/dist-packages/wamv_msgs/msg'...
-- Up-to-date: /home/hyo/ukf_ws/install/wamv_msgs/lib/libwamv_msgs__rosidl_generator_py.so
-- Up-to-date: /home/hyo/ukf_ws/install/wamv_msgs/share/wamv_msgs/cmake/export_wamv_msgs__rosidl_generator_cExport.cmake
-- Up-to-date: /home/hyo/ukf_ws/install/wamv_msgs/share/wamv_msgs/cmake/export_wamv_msgs__rosidl_generator_cExport-noconfig.cmake
-- Up-to-date: /home/hyo/ukf_ws/install/wamv_msgs/share/wamv_msgs/cmake/export_wamv_msgs__rosidl_typesupport_fastrtps_cExport.cmake
-- Up-to-date: /home/hyo/ukf_ws/install/wamv_msgs/share/wamv_msgs/cmake/export_wamv_msgs__rosidl_typesupport_fastrtps_cExport-noconfig.cmake
-- Up-to-date: /home/hyo/ukf_ws/install/wamv_msgs/share/wamv_msgs/cmake/export_wamv_msgs__rosidl_generator_cppExport.cmake
-- Up-to-date: /home/hyo/ukf_ws/install/wamv_msgs/share/wamv_msgs/cmake/export_wamv_msgs__rosidl_typesupport_fastrtps_cppExport.cmake
-- Up-to-date: /home/hyo/ukf_ws/install/wamv_msgs/share/wamv_msgs/cmake/export_wamv_msgs__rosidl_typesupport_fastrtps_cppExport-noconfig.cmake
-- Up-to-date: /home/hyo/ukf_ws/install/wamv_msgs/share/wamv_msgs/cmake/wamv_msgs__rosidl_typesupport_introspection_cExport.cmake
-- Up-to-date: /home/hyo/ukf_ws/install/wamv_msgs/share/wamv_msgs/cmake/wamv_msgs__rosidl_typesupport_introspection_cExport-noconfig.cmake
-- Up-to-date: /home/hyo/ukf_ws/install/wamv_msgs/share/wamv_msgs/cmake/wamv_msgs__rosidl_typesupport_cExport.cmake
-- Up-to-date: /home/hyo/ukf_ws/install/wamv_msgs/share/wamv_msgs/cmake/wamv_msgs__rosidl_typesupport_cExport-noconfig.cmake
-- Up-to-date: /home/hyo/ukf_ws/install/wamv_msgs/share/wamv_msgs/cmake/wamv_msgs__rosidl_typesupport_introspection_cppExport.cmake
-- Up-to-date: /home/hyo/ukf_ws/install/wamv_msgs/share/wamv_msgs/cmake/wamv_msgs__rosidl_typesupport_introspection_cppExport-noconfig.cmake
-- Up-to-date: /home/hyo/ukf_ws/install/wamv_msgs/share/wamv_msgs/cmake/wamv_msgs__rosidl_typesupport_cppExport.cmake
-- Up-to-date: /home/hyo/ukf_ws/install/wamv_msgs/share/wamv_msgs/cmake/wamv_msgs__rosidl_typesupport_cppExport-noconfig.cmake
-- Up-to-date: /home/hyo/ukf_ws/install/wamv_msgs/share/wamv_msgs/cmake/export_wamv_msgs__rosidl_generator_pyExport.cmake
-- Up-to-date: /home/hyo/ukf_ws/install/wamv_msgs/share/wamv_msgs/cmake/export_wamv_msgs__rosidl_generator_pyExport-noconfig.cmake
