[0.058s] DEBUG:colcon:Command line arguments: ['/usr/bin/colcon', 'build', '--symlink-install', '--packages-select', 'ukf_proj']
[0.058s] DEBUG:colcon:Parsed command line arguments: Namespace(log_base=None, log_level=None, verb_name='build', build_base='build', install_base='install', merge_install=False, symlink_install=True, test_result_base=None, continue_on_error=False, executor='parallel', parallel_workers=24, event_handlers=None, ignore_user_meta=False, metas=['./colcon.meta'], base_paths=['.'], packages_ignore=None, packages_ignore_regex=None, paths=None, packages_up_to=None, packages_up_to_regex=None, packages_above=None, packages_above_and_dependencies=None, packages_above_depth=None, packages_select_by_dep=None, packages_skip_by_dep=None, packages_skip_up_to=None, packages_select_build_failed=False, packages_skip_build_finished=False, packages_select_test_failures=False, packages_skip_test_passed=False, packages_select=['ukf_proj'], packages_skip=None, packages_select_regex=None, packages_skip_regex=None, packages_start=None, packages_end=None, cmake_args=None, cmake_target=None, cmake_target_skip_unavailable=False, cmake_clean_cache=False, cmake_clean_first=False, cmake_force_configure=False, ament_cmake_args=None, catkin_cmake_args=None, catkin_skip_building_tests=False, mixin_files=None, mixin=None, verb_parser=<colcon_mixin.mixin.mixin_argument.MixinArgumentDecorator object at 0x7f4af5439d20>, verb_extension=<colcon_core.verb.build.BuildVerb object at 0x7f4af54397b0>, main=<bound method BuildVerb.main of <colcon_core.verb.build.BuildVerb object at 0x7f4af54397b0>>, mixin_verb=('build',))
[0.137s] Level 1:colcon.colcon_core.package_discovery:discover_packages(colcon_meta) check parameters
[0.137s] Level 1:colcon.colcon_core.package_discovery:discover_packages(recursive) check parameters
[0.137s] Level 1:colcon.colcon_core.package_discovery:discover_packages(ignore) check parameters
[0.137s] Level 1:colcon.colcon_core.package_discovery:discover_packages(path) check parameters
[0.137s] Level 1:colcon.colcon_core.package_discovery:discover_packages(colcon_meta) discover
[0.137s] Level 1:colcon.colcon_core.package_discovery:discover_packages(recursive) discover
[0.137s] INFO:colcon.colcon_core.package_discovery:Crawling recursively for packages in '/home/hyo/ukf_ws'
[0.137s] Level 1:colcon.colcon_core.package_identification:_identify(.) by extensions ['ignore', 'ignore_ament_install']
[0.137s] Level 1:colcon.colcon_core.package_identification:_identify(.) by extension 'ignore'
[0.138s] Level 1:colcon.colcon_core.package_identification:_identify(.) by extension 'ignore_ament_install'
[0.138s] Level 1:colcon.colcon_core.package_identification:_identify(.) by extensions ['colcon_pkg']
[0.138s] Level 1:colcon.colcon_core.package_identification:_identify(.) by extension 'colcon_pkg'
[0.138s] Level 1:colcon.colcon_core.package_identification:_identify(.) by extensions ['colcon_meta']
[0.138s] Level 1:colcon.colcon_core.package_identification:_identify(.) by extension 'colcon_meta'
[0.138s] Level 1:colcon.colcon_core.package_identification:_identify(.) by extensions ['ros']
[0.138s] Level 1:colcon.colcon_core.package_identification:_identify(.) by extension 'ros'
[0.144s] Level 1:colcon.colcon_core.package_identification:_identify(.) by extensions ['cmake', 'python']
[0.144s] Level 1:colcon.colcon_core.package_identification:_identify(.) by extension 'cmake'
[0.144s] Level 1:colcon.colcon_core.package_identification:_identify(.) by extension 'python'
[0.144s] Level 1:colcon.colcon_core.package_identification:_identify(.) by extensions ['python_setup_py']
[0.144s] Level 1:colcon.colcon_core.package_identification:_identify(.) by extension 'python_setup_py'
[0.144s] Level 1:colcon.colcon_core.package_identification:_identify(build) by extensions ['ignore', 'ignore_ament_install']
[0.144s] Level 1:colcon.colcon_core.package_identification:_identify(build) by extension 'ignore'
[0.144s] Level 1:colcon.colcon_core.package_identification:_identify(build) ignored
[0.144s] Level 1:colcon.colcon_core.package_identification:_identify(install) by extensions ['ignore', 'ignore_ament_install']
[0.144s] Level 1:colcon.colcon_core.package_identification:_identify(install) by extension 'ignore'
[0.144s] Level 1:colcon.colcon_core.package_identification:_identify(install) ignored
[0.144s] Level 1:colcon.colcon_core.package_identification:_identify(log) by extensions ['ignore', 'ignore_ament_install']
[0.144s] Level 1:colcon.colcon_core.package_identification:_identify(log) by extension 'ignore'
[0.144s] Level 1:colcon.colcon_core.package_identification:_identify(log) ignored
[0.144s] Level 1:colcon.colcon_core.package_identification:_identify(src) by extensions ['ignore', 'ignore_ament_install']
[0.144s] Level 1:colcon.colcon_core.package_identification:_identify(src) by extension 'ignore'
[0.144s] Level 1:colcon.colcon_core.package_identification:_identify(src) by extension 'ignore_ament_install'
[0.144s] Level 1:colcon.colcon_core.package_identification:_identify(src) by extensions ['colcon_pkg']
[0.145s] Level 1:colcon.colcon_core.package_identification:_identify(src) by extension 'colcon_pkg'
[0.145s] Level 1:colcon.colcon_core.package_identification:_identify(src) by extensions ['colcon_meta']
[0.145s] Level 1:colcon.colcon_core.package_identification:_identify(src) by extension 'colcon_meta'
[0.145s] Level 1:colcon.colcon_core.package_identification:_identify(src) by extensions ['ros']
[0.145s] Level 1:colcon.colcon_core.package_identification:_identify(src) by extension 'ros'
[0.145s] Level 1:colcon.colcon_core.package_identification:_identify(src) by extensions ['cmake', 'python']
[0.145s] Level 1:colcon.colcon_core.package_identification:_identify(src) by extension 'cmake'
[0.145s] Level 1:colcon.colcon_core.package_identification:_identify(src) by extension 'python'
[0.145s] Level 1:colcon.colcon_core.package_identification:_identify(src) by extensions ['python_setup_py']
[0.145s] Level 1:colcon.colcon_core.package_identification:_identify(src) by extension 'python_setup_py'
[0.145s] Level 1:colcon.colcon_core.package_identification:_identify(src/ukf_proj) by extensions ['ignore', 'ignore_ament_install']
[0.145s] Level 1:colcon.colcon_core.package_identification:_identify(src/ukf_proj) by extension 'ignore'
[0.145s] Level 1:colcon.colcon_core.package_identification:_identify(src/ukf_proj) by extension 'ignore_ament_install'
[0.145s] Level 1:colcon.colcon_core.package_identification:_identify(src/ukf_proj) by extensions ['colcon_pkg']
[0.145s] Level 1:colcon.colcon_core.package_identification:_identify(src/ukf_proj) by extension 'colcon_pkg'
[0.145s] Level 1:colcon.colcon_core.package_identification:_identify(src/ukf_proj) by extensions ['colcon_meta']
[0.145s] Level 1:colcon.colcon_core.package_identification:_identify(src/ukf_proj) by extension 'colcon_meta'
[0.145s] Level 1:colcon.colcon_core.package_identification:_identify(src/ukf_proj) by extensions ['ros']
[0.145s] Level 1:colcon.colcon_core.package_identification:_identify(src/ukf_proj) by extension 'ros'
[0.146s] DEBUG:colcon.colcon_core.package_identification:Package 'src/ukf_proj' with type 'ros.ament_python' and name 'ukf_proj'
[0.146s] Level 1:colcon.colcon_core.package_identification:_identify(src/wamv_msgs) by extensions ['ignore', 'ignore_ament_install']
[0.146s] Level 1:colcon.colcon_core.package_identification:_identify(src/wamv_msgs) by extension 'ignore'
[0.146s] Level 1:colcon.colcon_core.package_identification:_identify(src/wamv_msgs) by extension 'ignore_ament_install'
[0.146s] Level 1:colcon.colcon_core.package_identification:_identify(src/wamv_msgs) by extensions ['colcon_pkg']
[0.146s] Level 1:colcon.colcon_core.package_identification:_identify(src/wamv_msgs) by extension 'colcon_pkg'
[0.146s] Level 1:colcon.colcon_core.package_identification:_identify(src/wamv_msgs) by extensions ['colcon_meta']
[0.146s] Level 1:colcon.colcon_core.package_identification:_identify(src/wamv_msgs) by extension 'colcon_meta'
[0.146s] Level 1:colcon.colcon_core.package_identification:_identify(src/wamv_msgs) by extensions ['ros']
[0.146s] Level 1:colcon.colcon_core.package_identification:_identify(src/wamv_msgs) by extension 'ros'
[0.147s] DEBUG:colcon.colcon_core.package_identification:Package 'src/wamv_msgs' with type 'ros.ament_cmake' and name 'wamv_msgs'
[0.147s] Level 1:colcon.colcon_core.package_discovery:discover_packages(recursive) using defaults
[0.147s] Level 1:colcon.colcon_core.package_discovery:discover_packages(ignore) discover
[0.147s] Level 1:colcon.colcon_core.package_discovery:discover_packages(ignore) using defaults
[0.147s] Level 1:colcon.colcon_core.package_discovery:discover_packages(path) discover
[0.147s] Level 1:colcon.colcon_core.package_discovery:discover_packages(path) using defaults
[0.158s] INFO:colcon.colcon_core.package_selection:Skipping not selected package 'wamv_msgs' in 'src/wamv_msgs'
[0.158s] Level 5:colcon.colcon_core.verb:set package 'ukf_proj' build argument 'cmake_args' from command line to 'None'
[0.158s] Level 5:colcon.colcon_core.verb:set package 'ukf_proj' build argument 'cmake_target' from command line to 'None'
[0.158s] Level 5:colcon.colcon_core.verb:set package 'ukf_proj' build argument 'cmake_target_skip_unavailable' from command line to 'False'
[0.158s] Level 5:colcon.colcon_core.verb:set package 'ukf_proj' build argument 'cmake_clean_cache' from command line to 'False'
[0.158s] Level 5:colcon.colcon_core.verb:set package 'ukf_proj' build argument 'cmake_clean_first' from command line to 'False'
[0.158s] Level 5:colcon.colcon_core.verb:set package 'ukf_proj' build argument 'cmake_force_configure' from command line to 'False'
[0.158s] Level 5:colcon.colcon_core.verb:set package 'ukf_proj' build argument 'ament_cmake_args' from command line to 'None'
[0.158s] Level 5:colcon.colcon_core.verb:set package 'ukf_proj' build argument 'catkin_cmake_args' from command line to 'None'
[0.158s] Level 5:colcon.colcon_core.verb:set package 'ukf_proj' build argument 'catkin_skip_building_tests' from command line to 'False'
[0.158s] DEBUG:colcon.colcon_core.verb:Building package 'ukf_proj' with the following arguments: {'ament_cmake_args': None, 'build_base': '/home/hyo/ukf_ws/build/ukf_proj', 'catkin_cmake_args': None, 'catkin_skip_building_tests': False, 'cmake_args': None, 'cmake_clean_cache': False, 'cmake_clean_first': False, 'cmake_force_configure': False, 'cmake_target': None, 'cmake_target_skip_unavailable': False, 'install_base': '/home/hyo/ukf_ws/install/ukf_proj', 'merge_install': False, 'path': '/home/hyo/ukf_ws/src/ukf_proj', 'symlink_install': True, 'test_result_base': None}
[0.158s] INFO:colcon.colcon_core.executor:Executing jobs using 'parallel' executor
[0.159s] DEBUG:colcon.colcon_parallel_executor.executor.parallel:run_until_complete
[0.159s] INFO:colcon.colcon_ros.task.ament_python.build:Building ROS package in '/home/hyo/ukf_ws/src/ukf_proj' with build type 'ament_python'
[0.159s] Level 1:colcon.colcon_core.shell:create_environment_hook('ukf_proj', 'ament_prefix_path')
[0.160s] INFO:colcon.colcon_core.plugin_system:Skipping extension 'colcon_core.shell.bat': Not used on non-Windows systems
[0.160s] INFO:colcon.colcon_core.shell:Creating environment hook '/home/hyo/ukf_ws/install/ukf_proj/share/ukf_proj/hook/ament_prefix_path.ps1'
[0.160s] INFO:colcon.colcon_core.shell:Creating environment descriptor '/home/hyo/ukf_ws/install/ukf_proj/share/ukf_proj/hook/ament_prefix_path.dsv'
[0.161s] INFO:colcon.colcon_core.shell:Creating environment hook '/home/hyo/ukf_ws/install/ukf_proj/share/ukf_proj/hook/ament_prefix_path.sh'
[0.161s] INFO:colcon.colcon_core.shell:Skip shell extension 'powershell' for command environment: Not usable outside of PowerShell
[0.161s] DEBUG:colcon.colcon_core.shell:Skip shell extension 'dsv' for command environment
[0.291s] INFO:colcon.colcon_core.task.python.build:Building Python package in '/home/hyo/ukf_ws/src/ukf_proj'
[0.291s] INFO:colcon.colcon_core.shell:Skip shell extension 'powershell' for command environment: Not usable outside of PowerShell
[0.291s] DEBUG:colcon.colcon_core.shell:Skip shell extension 'dsv' for command environment
[0.462s] DEBUG:colcon.colcon_core.event_handler.log_command:Invoking command in '/home/hyo/ukf_ws/build/ukf_proj': PYTHONPATH=/home/hyo/ukf_ws/build/ukf_proj/prefix_override:/usr/lib/python3/dist-packages/colcon_core/task/python/colcon_distutils_commands:/home/hyo/ukf_ws/install/ukf_proj/lib/python3.10/site-packages:${PYTHONPATH} /usr/bin/python3 -W ignore:setup.py install is deprecated setup.py develop --editable --build-directory /home/hyo/ukf_ws/build/ukf_proj/build --no-deps symlink_data
[0.683s] Level 1:colcon.colcon_core.shell:create_environment_hook('ukf_proj', 'pythonpath_develop')
[0.683s] DEBUG:colcon.colcon_core.event_handler.log_command:Invoked command in '/home/hyo/ukf_ws/build/ukf_proj' returned '0': PYTHONPATH=/home/hyo/ukf_ws/build/ukf_proj/prefix_override:/usr/lib/python3/dist-packages/colcon_core/task/python/colcon_distutils_commands:/home/hyo/ukf_ws/install/ukf_proj/lib/python3.10/site-packages:${PYTHONPATH} /usr/bin/python3 -W ignore:setup.py install is deprecated setup.py develop --editable --build-directory /home/hyo/ukf_ws/build/ukf_proj/build --no-deps symlink_data
[0.684s] INFO:colcon.colcon_core.shell:Creating environment hook '/home/hyo/ukf_ws/build/ukf_proj/share/ukf_proj/hook/pythonpath_develop.ps1'
[0.684s] INFO:colcon.colcon_core.shell:Creating environment descriptor '/home/hyo/ukf_ws/build/ukf_proj/share/ukf_proj/hook/pythonpath_develop.dsv'
[0.684s] INFO:colcon.colcon_core.shell:Creating environment hook '/home/hyo/ukf_ws/build/ukf_proj/share/ukf_proj/hook/pythonpath_develop.sh'
[0.685s] Level 1:colcon.colcon_core.environment:checking '/home/hyo/ukf_ws/install/ukf_proj' for CMake module files
[0.686s] Level 1:colcon.colcon_core.environment:checking '/home/hyo/ukf_ws/install/ukf_proj' for CMake config files
[0.686s] Level 1:colcon.colcon_core.environment:checking '/home/hyo/ukf_ws/install/ukf_proj/lib'
[0.686s] Level 1:colcon.colcon_core.environment:checking '/home/hyo/ukf_ws/install/ukf_proj/bin'
[0.686s] Level 1:colcon.colcon_core.environment:checking '/home/hyo/ukf_ws/install/ukf_proj/lib/pkgconfig/ukf_proj.pc'
[0.686s] Level 1:colcon.colcon_core.environment:checking '/home/hyo/ukf_ws/install/ukf_proj/lib/python3.10/site-packages'
[0.686s] Level 1:colcon.colcon_core.shell:create_environment_hook('ukf_proj', 'pythonpath')
[0.686s] INFO:colcon.colcon_core.shell:Creating environment hook '/home/hyo/ukf_ws/install/ukf_proj/share/ukf_proj/hook/pythonpath.ps1'
[0.686s] INFO:colcon.colcon_core.shell:Creating environment descriptor '/home/hyo/ukf_ws/install/ukf_proj/share/ukf_proj/hook/pythonpath.dsv'
[0.687s] INFO:colcon.colcon_core.shell:Creating environment hook '/home/hyo/ukf_ws/install/ukf_proj/share/ukf_proj/hook/pythonpath.sh'
[0.687s] Level 1:colcon.colcon_core.environment:checking '/home/hyo/ukf_ws/install/ukf_proj/bin'
[0.687s] Level 1:colcon.colcon_core.environment:create_environment_scripts_only(ukf_proj)
[0.687s] INFO:colcon.colcon_core.shell:Creating package script '/home/hyo/ukf_ws/install/ukf_proj/share/ukf_proj/package.ps1'
[0.688s] INFO:colcon.colcon_core.shell:Creating package descriptor '/home/hyo/ukf_ws/install/ukf_proj/share/ukf_proj/package.dsv'
[0.688s] INFO:colcon.colcon_core.shell:Creating package script '/home/hyo/ukf_ws/install/ukf_proj/share/ukf_proj/package.sh'
[0.688s] INFO:colcon.colcon_core.shell:Creating package script '/home/hyo/ukf_ws/install/ukf_proj/share/ukf_proj/package.bash'
[0.689s] INFO:colcon.colcon_core.shell:Creating package script '/home/hyo/ukf_ws/install/ukf_proj/share/ukf_proj/package.zsh'
[0.689s] Level 1:colcon.colcon_core.environment:create_file_with_runtime_dependencies(/home/hyo/ukf_ws/install/ukf_proj/share/colcon-core/packages/ukf_proj)
[0.689s] DEBUG:colcon.colcon_parallel_executor.executor.parallel:closing loop
[0.689s] DEBUG:colcon.colcon_parallel_executor.executor.parallel:loop closed
[0.689s] DEBUG:colcon.colcon_parallel_executor.executor.parallel:run_until_complete finished with '0'
[0.689s] DEBUG:colcon.colcon_core.event_reactor:joining thread
[0.692s] INFO:colcon.colcon_core.plugin_system:Skipping extension 'colcon_notification.desktop_notification.notify_send': Could not find 'notify-send'
[0.692s] INFO:colcon.colcon_core.plugin_system:Skipping extension 'colcon_notification.desktop_notification.terminal_notifier': Not used on non-Darwin systems
[0.692s] INFO:colcon.colcon_core.plugin_system:Skipping extension 'colcon_notification.desktop_notification.win32': Not used on non-Windows systems
[0.692s] INFO:colcon.colcon_notification.desktop_notification:Sending desktop notification using 'notify2'
[0.693s] DEBUG:colcon.colcon_notification.desktop_notification.notify2:Failed to initialize notify2: org.freedesktop.DBus.Error.Spawn.ExecFailed: /usr/bin/dbus-launch terminated abnormally without any error message
[0.694s] DEBUG:colcon.colcon_core.event_reactor:joined thread
[0.694s] INFO:colcon.colcon_core.shell:Creating prefix script '/home/hyo/ukf_ws/install/local_setup.ps1'
[0.694s] INFO:colcon.colcon_core.shell:Creating prefix util module '/home/hyo/ukf_ws/install/_local_setup_util_ps1.py'
[0.695s] INFO:colcon.colcon_core.shell:Creating prefix chain script '/home/hyo/ukf_ws/install/setup.ps1'
[0.696s] INFO:colcon.colcon_core.shell:Creating prefix script '/home/hyo/ukf_ws/install/local_setup.sh'
[0.697s] INFO:colcon.colcon_core.shell:Creating prefix util module '/home/hyo/ukf_ws/install/_local_setup_util_sh.py'
[0.697s] INFO:colcon.colcon_core.shell:Creating prefix chain script '/home/hyo/ukf_ws/install/setup.sh'
[0.697s] INFO:colcon.colcon_core.shell:Creating prefix script '/home/hyo/ukf_ws/install/local_setup.bash'
[0.698s] INFO:colcon.colcon_core.shell:Creating prefix chain script '/home/hyo/ukf_ws/install/setup.bash'
[0.698s] INFO:colcon.colcon_core.shell:Creating prefix script '/home/hyo/ukf_ws/install/local_setup.zsh'
[0.698s] INFO:colcon.colcon_core.shell:Creating prefix chain script '/home/hyo/ukf_ws/install/setup.zsh'
