[0.331s] Invoking command in '/home/hyo/ukf_ws/build/ukf_proj': PYTHONPATH=/home/hyo/ukf_ws/build/ukf_proj/prefix_override:/usr/lib/python3/dist-packages/colcon_core/task/python/colcon_distutils_commands:/home/hyo/ukf_ws/install/ukf_proj/lib/python3.10/site-packages:${PYTHONPATH} /usr/bin/python3 -W ignore:setup.py install is deprecated setup.py develop --editable --build-directory /home/hyo/ukf_ws/build/ukf_proj/build --no-deps symlink_data
[0.470s] running develop
[0.470s] /usr/lib/python3/dist-packages/setuptools/command/easy_install.py:158: EasyInstallDeprecationWarning: easy_install command is deprecated. Use build and pip and other standards-based tools.
[0.470s]   warnings.warn(
[0.549s] running egg_info
[0.549s] writing ukf_proj.egg-info/PKG-INFO
[0.549s] writing dependency_links to ukf_proj.egg-info/dependency_links.txt
[0.549s] writing entry points to ukf_proj.egg-info/entry_points.txt
[0.549s] writing requirements to ukf_proj.egg-info/requires.txt
[0.549s] writing top-level names to ukf_proj.egg-info/top_level.txt
[0.550s] reading manifest file 'ukf_proj.egg-info/SOURCES.txt'
[0.550s] writing manifest file 'ukf_proj.egg-info/SOURCES.txt'
[0.551s] running build_ext
[0.551s] Creating /home/hyo/ukf_ws/install/ukf_proj/lib/python3.10/site-packages/ukf-proj.egg-link (link to .)
[0.552s] Installing dp_control script to /home/hyo/ukf_ws/install/ukf_proj/lib/ukf_proj
[0.552s] Installing kmj_control script to /home/hyo/ukf_ws/install/ukf_proj/lib/ukf_proj
[0.552s] Installing navigation script to /home/hyo/ukf_ws/install/ukf_proj/lib/ukf_proj
[0.552s] Installing ukf script to /home/hyo/ukf_ws/install/ukf_proj/lib/ukf_proj
[0.552s] Installing wamv_info script to /home/hyo/ukf_ws/install/ukf_proj/lib/ukf_proj
[0.552s] 
[0.552s] Installed /home/hyo/ukf_ws/build/ukf_proj
[0.552s] running symlink_data
[0.566s] Invoked command in '/home/hyo/ukf_ws/build/ukf_proj' returned '0': PYTHONPATH=/home/hyo/ukf_ws/build/ukf_proj/prefix_override:/usr/lib/python3/dist-packages/colcon_core/task/python/colcon_distutils_commands:/home/hyo/ukf_ws/install/ukf_proj/lib/python3.10/site-packages:${PYTHONPATH} /usr/bin/python3 -W ignore:setup.py install is deprecated setup.py develop --editable --build-directory /home/hyo/ukf_ws/build/ukf_proj/build --no-deps symlink_data
