running develop
running egg_info
writing ukf_proj.egg-info/PKG-INFO
writing dependency_links to ukf_proj.egg-info/dependency_links.txt
writing entry points to ukf_proj.egg-info/entry_points.txt
writing requirements to ukf_proj.egg-info/requires.txt
writing top-level names to ukf_proj.egg-info/top_level.txt
reading manifest file 'ukf_proj.egg-info/SOURCES.txt'
writing manifest file 'ukf_proj.egg-info/SOURCES.txt'
running build_ext
Creating /home/hyo/ukf_ws/install/ukf_proj/lib/python3.10/site-packages/ukf-proj.egg-link (link to .)
Installing dp_control script to /home/hyo/ukf_ws/install/ukf_proj/lib/ukf_proj
Installing kmj_control script to /home/hyo/ukf_ws/install/ukf_proj/lib/ukf_proj
Installing navigation script to /home/hyo/ukf_ws/install/ukf_proj/lib/ukf_proj
Installing ukf script to /home/hyo/ukf_ws/install/ukf_proj/lib/ukf_proj
Installing wamv_info script to /home/hyo/ukf_ws/install/ukf_proj/lib/ukf_proj

Installed /home/hyo/ukf_ws/build/ukf_proj
running symlink_data
creating /home/hyo/ukf_ws/install/ukf_proj/share/ukf_proj/launch
symbolically linking /home/hyo/ukf_ws/build/ukf_proj/launch/rl_control.launch.py -> /home/hyo/ukf_ws/install/ukf_proj/share/ukf_proj/launch
symbolically linking /home/hyo/ukf_ws/build/ukf_proj/launch/dp_control.launch.py -> /home/hyo/ukf_ws/install/ukf_proj/share/ukf_proj/launch
symbolically linking /home/hyo/ukf_ws/build/ukf_proj/launch/wamv_reset.launch.py -> /home/hyo/ukf_ws/install/ukf_proj/share/ukf_proj/launch
creating /home/hyo/ukf_ws/install/ukf_proj/share/ukf_proj/param
symbolically linking /home/hyo/ukf_ws/build/ukf_proj/param/wamv_config.yaml -> /home/hyo/ukf_ws/install/ukf_proj/share/ukf_proj/param
