-- The C compiler identification is GNU 11.4.0
-- The CXX compiler identification is GNU 11.4.0
-- Detecting C compiler ABI info
-- Detecting C compiler ABI info - done
-- Check for working C compiler: /usr/bin/cc - skipped
-- Detecting C compile features
-- Detecting C compile features - done
-- Detecting CXX compiler ABI info
-- Detecting CXX compiler ABI info - done
-- Check for working CXX compiler: /usr/bin/c++ - skipped
-- Detecting CXX compile features
-- Detecting CXX compile features - done
-- Found std_msgs: 4.2.4 (/opt/ros/humble/share/std_msgs/cmake)
-- Found Python3: /usr/bin/python3 (found version "3.10.12") found components: Interpreter 
-- Override CMake install command with custom implementation using symlinks instead of copying resources
-- Found rosidl_generator_c: 3.1.5 (/opt/ros/humble/share/rosidl_generator_c/cmake)
-- Found rosidl_adapter: 3.1.5 (/opt/ros/humble/share/rosidl_adapter/cmake)
-- Found rosidl_generator_cpp: 3.1.5 (/opt/ros/humble/share/rosidl_generator_cpp/cmake)
-- Using all available rosidl_typesupport_c: rosidl_typesupport_fastrtps_c;rosidl_typesupport_introspection_c
-- Using all available rosidl_typesupport_cpp: rosidl_typesupport_fastrtps_cpp;rosidl_typesupport_introspection_cpp
-- Found rosidl_default_generators: 1.2.0 (/opt/ros/humble/share/rosidl_default_generators/cmake)
-- Found ament_cmake_ros: 0.10.0 (/opt/ros/humble/share/ament_cmake_ros/cmake)
-- Using all available rosidl_typesupport_c: rosidl_typesupport_fastrtps_c;rosidl_typesupport_introspection_c
-- Using all available rosidl_typesupport_cpp: rosidl_typesupport_fastrtps_cpp;rosidl_typesupport_introspection_cpp
-- Found PythonInterp: /usr/bin/python3 (found suitable version "3.10.12", minimum required is "3.6") 
-- Found python_cmake_module: 0.10.0 (/opt/ros/humble/share/python_cmake_module/cmake)
-- Found PythonLibs: /usr/lib/x86_64-linux-gnu/libpython3.10.so (found suitable version "3.10.12", minimum required is "3.5") 
-- Using PYTHON_EXECUTABLE: /usr/bin/python3
-- Using PYTHON_INCLUDE_DIRS: /usr/include/python3.10
-- Using PYTHON_LIBRARIES: /usr/lib/x86_64-linux-gnu/libpython3.10.so
-- Found PythonExtra: .so  
-- Found ament_lint_auto: 0.12.11 (/opt/ros/humble/share/ament_lint_auto/cmake)
-- Added test 'lint_cmake' to check CMake code style
-- Added test 'xmllint' to check XML markup files
-- Configuring done
-- Generating done
-- Build files have been written to: /home/hyo/ukf_ws/build/wamv_msgs
[  1%] [34m[1mGenerating C code for ROS interfaces[0m
[  3%] [34m[1mGenerating C++ code for ROS interfaces[0m
[  3%] Built target ament_cmake_python_symlink_wamv_msgs
running egg_info
creating wamv_msgs.egg-info
writing wamv_msgs.egg-info/PKG-INFO
writing dependency_links to wamv_msgs.egg-info/dependency_links.txt
writing top-level names to wamv_msgs.egg-info/top_level.txt
writing manifest file 'wamv_msgs.egg-info/SOURCES.txt'
reading manifest file 'wamv_msgs.egg-info/SOURCES.txt'
writing manifest file 'wamv_msgs.egg-info/SOURCES.txt'
[  3%] Built target ament_cmake_python_build_wamv_msgs_egg
[  3%] Built target wamv_msgs__cpp
[  4%] [34m[1mGenerating C++ type support dispatch for ROS interfaces[0m
[  6%] [34m[1mGenerating C++ type support for eProsima Fast-RTPS[0m
[  7%] [34m[1mGenerating C++ introspection for ROS interfaces[0m
[  9%] [32mBuilding C object CMakeFiles/wamv_msgs__rosidl_generator_c.dir/rosidl_generator_c/wamv_msgs/msg/detail/navigation_type__functions.c.o[0m
[ 11%] [32mBuilding C object CMakeFiles/wamv_msgs__rosidl_generator_c.dir/rosidl_generator_c/wamv_msgs/msg/detail/control_type__functions.c.o[0m
[ 12%] [32mBuilding C object CMakeFiles/wamv_msgs__rosidl_generator_c.dir/rosidl_generator_c/wamv_msgs/msg/detail/guidance_type__functions.c.o[0m
[ 14%] [32mBuilding C object CMakeFiles/wamv_msgs__rosidl_generator_c.dir/rosidl_generator_c/wamv_msgs/msg/detail/wamv_info__functions.c.o[0m
[ 15%] [32mBuilding C object CMakeFiles/wamv_msgs__rosidl_generator_c.dir/rosidl_generator_c/wamv_msgs/msg/detail/rl_type__functions.c.o[0m
[ 17%] [32m[1mLinking C shared library libwamv_msgs__rosidl_generator_c.so[0m
[ 17%] Built target wamv_msgs__rosidl_generator_c
[ 19%] [34m[1mGenerating C type support for eProsima Fast-RTPS[0m
[ 22%] [34m[1mGenerating C introspection for ROS interfaces[0m
[ 22%] [34m[1mGenerating C type support dispatch for ROS interfaces[0m
[ 23%] [32mBuilding CXX object CMakeFiles/wamv_msgs__rosidl_typesupport_cpp.dir/rosidl_typesupport_cpp/wamv_msgs/msg/navigation_type__type_support.cpp.o[0m
[ 25%] [32mBuilding CXX object CMakeFiles/wamv_msgs__rosidl_typesupport_cpp.dir/rosidl_typesupport_cpp/wamv_msgs/msg/control_type__type_support.cpp.o[0m
[ 26%] [32mBuilding CXX object CMakeFiles/wamv_msgs__rosidl_typesupport_cpp.dir/rosidl_typesupport_cpp/wamv_msgs/msg/guidance_type__type_support.cpp.o[0m
[ 28%] [32mBuilding CXX object CMakeFiles/wamv_msgs__rosidl_typesupport_cpp.dir/rosidl_typesupport_cpp/wamv_msgs/msg/wamv_info__type_support.cpp.o[0m
[ 30%] [32mBuilding CXX object CMakeFiles/wamv_msgs__rosidl_typesupport_cpp.dir/rosidl_typesupport_cpp/wamv_msgs/msg/rl_type__type_support.cpp.o[0m
[ 31%] [32mBuilding CXX object CMakeFiles/wamv_msgs__rosidl_typesupport_introspection_cpp.dir/rosidl_typesupport_introspection_cpp/wamv_msgs/msg/detail/navigation_type__type_support.cpp.o[0m
[ 33%] [32mBuilding CXX object CMakeFiles/wamv_msgs__rosidl_typesupport_introspection_cpp.dir/rosidl_typesupport_introspection_cpp/wamv_msgs/msg/detail/guidance_type__type_support.cpp.o[0m
[ 34%] [32mBuilding CXX object CMakeFiles/wamv_msgs__rosidl_typesupport_introspection_cpp.dir/rosidl_typesupport_introspection_cpp/wamv_msgs/msg/detail/wamv_info__type_support.cpp.o[0m
[ 36%] [32mBuilding CXX object CMakeFiles/wamv_msgs__rosidl_typesupport_introspection_cpp.dir/rosidl_typesupport_introspection_cpp/wamv_msgs/msg/detail/control_type__type_support.cpp.o[0m
[ 38%] [32mBuilding CXX object CMakeFiles/wamv_msgs__rosidl_typesupport_introspection_cpp.dir/rosidl_typesupport_introspection_cpp/wamv_msgs/msg/detail/rl_type__type_support.cpp.o[0m
[ 39%] [32mBuilding CXX object CMakeFiles/wamv_msgs__rosidl_typesupport_fastrtps_cpp.dir/rosidl_typesupport_fastrtps_cpp/wamv_msgs/msg/detail/dds_fastrtps/navigation_type__type_support.cpp.o[0m
[ 41%] [32mBuilding CXX object CMakeFiles/wamv_msgs__rosidl_typesupport_fastrtps_cpp.dir/rosidl_typesupport_fastrtps_cpp/wamv_msgs/msg/detail/dds_fastrtps/wamv_info__type_support.cpp.o[0m
[ 44%] [32mBuilding CXX object CMakeFiles/wamv_msgs__rosidl_typesupport_fastrtps_cpp.dir/rosidl_typesupport_fastrtps_cpp/wamv_msgs/msg/detail/dds_fastrtps/rl_type__type_support.cpp.o[0m
[ 44%] [32mBuilding CXX object CMakeFiles/wamv_msgs__rosidl_typesupport_fastrtps_cpp.dir/rosidl_typesupport_fastrtps_cpp/wamv_msgs/msg/detail/dds_fastrtps/control_type__type_support.cpp.o[0m
[ 46%] [32mBuilding CXX object CMakeFiles/wamv_msgs__rosidl_typesupport_fastrtps_cpp.dir/rosidl_typesupport_fastrtps_cpp/wamv_msgs/msg/detail/dds_fastrtps/guidance_type__type_support.cpp.o[0m
[ 50%] [32mBuilding CXX object CMakeFiles/wamv_msgs__rosidl_typesupport_c.dir/rosidl_typesupport_c/wamv_msgs/msg/guidance_type__type_support.cpp.o[0m
[ 50%] [32mBuilding CXX object CMakeFiles/wamv_msgs__rosidl_typesupport_c.dir/rosidl_typesupport_c/wamv_msgs/msg/wamv_info__type_support.cpp.o[0m
[ 50%] [32mBuilding CXX object CMakeFiles/wamv_msgs__rosidl_typesupport_c.dir/rosidl_typesupport_c/wamv_msgs/msg/rl_type__type_support.cpp.o[0m
[ 52%] [32mBuilding CXX object CMakeFiles/wamv_msgs__rosidl_typesupport_c.dir/rosidl_typesupport_c/wamv_msgs/msg/control_type__type_support.cpp.o[0m
[ 53%] [32mBuilding CXX object CMakeFiles/wamv_msgs__rosidl_typesupport_c.dir/rosidl_typesupport_c/wamv_msgs/msg/navigation_type__type_support.cpp.o[0m
[ 55%] [32m[1mLinking CXX shared library libwamv_msgs__rosidl_typesupport_c.so[0m
[ 55%] Built target wamv_msgs__rosidl_typesupport_c
[ 57%] [32mBuilding C object CMakeFiles/wamv_msgs__rosidl_typesupport_introspection_c.dir/rosidl_typesupport_introspection_c/wamv_msgs/msg/detail/guidance_type__type_support.c.o[0m
[ 60%] [32mBuilding C object CMakeFiles/wamv_msgs__rosidl_typesupport_introspection_c.dir/rosidl_typesupport_introspection_c/wamv_msgs/msg/detail/control_type__type_support.c.o[0m
[ 60%] [32mBuilding C object CMakeFiles/wamv_msgs__rosidl_typesupport_introspection_c.dir/rosidl_typesupport_introspection_c/wamv_msgs/msg/detail/navigation_type__type_support.c.o[0m
[ 61%] [32mBuilding C object CMakeFiles/wamv_msgs__rosidl_typesupport_introspection_c.dir/rosidl_typesupport_introspection_c/wamv_msgs/msg/detail/wamv_info__type_support.c.o[0m
[ 63%] [32mBuilding C object CMakeFiles/wamv_msgs__rosidl_typesupport_introspection_c.dir/rosidl_typesupport_introspection_c/wamv_msgs/msg/detail/rl_type__type_support.c.o[0m
[ 68%] [32mBuilding CXX object CMakeFiles/wamv_msgs__rosidl_typesupport_fastrtps_c.dir/rosidl_typesupport_fastrtps_c/wamv_msgs/msg/detail/navigation_type__type_support_c.cpp.o[0m
[ 68%] [32mBuilding CXX object CMakeFiles/wamv_msgs__rosidl_typesupport_fastrtps_c.dir/rosidl_typesupport_fastrtps_c/wamv_msgs/msg/detail/control_type__type_support_c.cpp.o[0m
[ 68%] [32mBuilding CXX object CMakeFiles/wamv_msgs__rosidl_typesupport_fastrtps_c.dir/rosidl_typesupport_fastrtps_c/wamv_msgs/msg/detail/wamv_info__type_support_c.cpp.o[0m
[ 69%] [32mBuilding CXX object CMakeFiles/wamv_msgs__rosidl_typesupport_fastrtps_c.dir/rosidl_typesupport_fastrtps_c/wamv_msgs/msg/detail/guidance_type__type_support_c.cpp.o[0m
[ 71%] [32mBuilding CXX object CMakeFiles/wamv_msgs__rosidl_typesupport_fastrtps_c.dir/rosidl_typesupport_fastrtps_c/wamv_msgs/msg/detail/rl_type__type_support_c.cpp.o[0m
[ 73%] [32m[1mLinking C shared library libwamv_msgs__rosidl_typesupport_introspection_c.so[0m
[ 73%] Built target wamv_msgs__rosidl_typesupport_introspection_c
[ 74%] [32m[1mLinking CXX shared library libwamv_msgs__rosidl_typesupport_cpp.so[0m
[ 74%] Built target wamv_msgs__rosidl_typesupport_cpp
[ 76%] [32m[1mLinking CXX shared library libwamv_msgs__rosidl_typesupport_introspection_cpp.so[0m
[ 77%] [32m[1mLinking CXX shared library libwamv_msgs__rosidl_typesupport_fastrtps_cpp.so[0m
[ 77%] Built target wamv_msgs__rosidl_typesupport_introspection_cpp
[ 79%] [32m[1mLinking CXX shared library libwamv_msgs__rosidl_typesupport_fastrtps_c.so[0m
[ 79%] Built target wamv_msgs__rosidl_typesupport_fastrtps_cpp
[ 79%] Built target wamv_msgs__rosidl_typesupport_fastrtps_c
[ 79%] Built target wamv_msgs
[ 80%] [34m[1mGenerating Python code for ROS interfaces[0m
[ 80%] Built target wamv_msgs__py
[ 82%] [32mBuilding C object CMakeFiles/wamv_msgs__rosidl_generator_py.dir/rosidl_generator_py/wamv_msgs/msg/_navigation_type_s.c.o[0m
[ 84%] [32mBuilding C object CMakeFiles/wamv_msgs__rosidl_generator_py.dir/rosidl_generator_py/wamv_msgs/msg/_control_type_s.c.o[0m
[ 85%] [32mBuilding C object CMakeFiles/wamv_msgs__rosidl_generator_py.dir/rosidl_generator_py/wamv_msgs/msg/_guidance_type_s.c.o[0m
[ 87%] [32mBuilding C object CMakeFiles/wamv_msgs__rosidl_generator_py.dir/rosidl_generator_py/wamv_msgs/msg/_wamv_info_s.c.o[0m
[ 88%] [32mBuilding C object CMakeFiles/wamv_msgs__rosidl_generator_py.dir/rosidl_generator_py/wamv_msgs/msg/_rl_type_s.c.o[0m
[ 90%] [32m[1mLinking C shared library rosidl_generator_py/wamv_msgs/libwamv_msgs__rosidl_generator_py.so[0m
[ 90%] Built target wamv_msgs__rosidl_generator_py
[ 92%] [32mBuilding C object CMakeFiles/wamv_msgs__rosidl_typesupport_fastrtps_c__pyext.dir/rosidl_generator_py/wamv_msgs/_wamv_msgs_s.ep.rosidl_typesupport_fastrtps_c.c.o[0m
[ 93%] [32mBuilding C object CMakeFiles/wamv_msgs__rosidl_typesupport_introspection_c__pyext.dir/rosidl_generator_py/wamv_msgs/_wamv_msgs_s.ep.rosidl_typesupport_introspection_c.c.o[0m
[ 95%] [32mBuilding C object CMakeFiles/wamv_msgs__rosidl_typesupport_c__pyext.dir/rosidl_generator_py/wamv_msgs/_wamv_msgs_s.ep.rosidl_typesupport_c.c.o[0m
[100%] [32m[1mLinking C shared library rosidl_generator_py/wamv_msgs/wamv_msgs_s__rosidl_typesupport_introspection_c.cpython-310-x86_64-linux-gnu.so[0m
[100%] [32m[1mLinking C shared library rosidl_generator_py/wamv_msgs/wamv_msgs_s__rosidl_typesupport_fastrtps_c.cpython-310-x86_64-linux-gnu.so[0m
[100%] [32m[1mLinking C shared library rosidl_generator_py/wamv_msgs/wamv_msgs_s__rosidl_typesupport_c.cpython-310-x86_64-linux-gnu.so[0m
[100%] Built target wamv_msgs__rosidl_typesupport_introspection_c__pyext
[100%] Built target wamv_msgs__rosidl_typesupport_fastrtps_c__pyext
[100%] Built target wamv_msgs__rosidl_typesupport_c__pyext
-- Install configuration: ""
-- Execute custom install script
-- Symlinking: /home/hyo/ukf_ws/install/wamv_msgs/share/ament_index/resource_index/rosidl_interfaces/wamv_msgs
-- Symlinking: /home/hyo/ukf_ws/install/wamv_msgs/include/wamv_msgs/wamv_msgs/msg/control_type.h
-- Symlinking: /home/hyo/ukf_ws/install/wamv_msgs/include/wamv_msgs/wamv_msgs/msg/detail/control_type__functions.h
-- Symlinking: /home/hyo/ukf_ws/install/wamv_msgs/include/wamv_msgs/wamv_msgs/msg/detail/control_type__struct.h
-- Symlinking: /home/hyo/ukf_ws/install/wamv_msgs/include/wamv_msgs/wamv_msgs/msg/detail/control_type__type_support.h
-- Symlinking: /home/hyo/ukf_ws/install/wamv_msgs/include/wamv_msgs/wamv_msgs/msg/detail/guidance_type__functions.h
-- Symlinking: /home/hyo/ukf_ws/install/wamv_msgs/include/wamv_msgs/wamv_msgs/msg/detail/guidance_type__struct.h
-- Symlinking: /home/hyo/ukf_ws/install/wamv_msgs/include/wamv_msgs/wamv_msgs/msg/detail/guidance_type__type_support.h
-- Symlinking: /home/hyo/ukf_ws/install/wamv_msgs/include/wamv_msgs/wamv_msgs/msg/detail/navigation_type__functions.h
-- Symlinking: /home/hyo/ukf_ws/install/wamv_msgs/include/wamv_msgs/wamv_msgs/msg/detail/navigation_type__struct.h
-- Symlinking: /home/hyo/ukf_ws/install/wamv_msgs/include/wamv_msgs/wamv_msgs/msg/detail/navigation_type__type_support.h
-- Symlinking: /home/hyo/ukf_ws/install/wamv_msgs/include/wamv_msgs/wamv_msgs/msg/detail/rl_type__functions.h
-- Symlinking: /home/hyo/ukf_ws/install/wamv_msgs/include/wamv_msgs/wamv_msgs/msg/detail/rl_type__struct.h
-- Symlinking: /home/hyo/ukf_ws/install/wamv_msgs/include/wamv_msgs/wamv_msgs/msg/detail/rl_type__type_support.h
-- Symlinking: /home/hyo/ukf_ws/install/wamv_msgs/include/wamv_msgs/wamv_msgs/msg/detail/wamv_info__functions.h
-- Symlinking: /home/hyo/ukf_ws/install/wamv_msgs/include/wamv_msgs/wamv_msgs/msg/detail/wamv_info__struct.h
-- Symlinking: /home/hyo/ukf_ws/install/wamv_msgs/include/wamv_msgs/wamv_msgs/msg/detail/wamv_info__type_support.h
-- Symlinking: /home/hyo/ukf_ws/install/wamv_msgs/include/wamv_msgs/wamv_msgs/msg/guidance_type.h
-- Symlinking: /home/hyo/ukf_ws/install/wamv_msgs/include/wamv_msgs/wamv_msgs/msg/navigation_type.h
-- Symlinking: /home/hyo/ukf_ws/install/wamv_msgs/include/wamv_msgs/wamv_msgs/msg/rl_type.h
-- Symlinking: /home/hyo/ukf_ws/install/wamv_msgs/include/wamv_msgs/wamv_msgs/msg/rosidl_generator_c__visibility_control.h
-- Symlinking: /home/hyo/ukf_ws/install/wamv_msgs/include/wamv_msgs/wamv_msgs/msg/wamv_info.h
-- Symlinking: /home/hyo/ukf_ws/install/wamv_msgs/share/wamv_msgs/environment/library_path.sh
-- Symlinking: /home/hyo/ukf_ws/install/wamv_msgs/share/wamv_msgs/environment/library_path.dsv
-- Symlinking: /home/hyo/ukf_ws/install/wamv_msgs/include/wamv_msgs/wamv_msgs/msg/detail/control_type__rosidl_typesupport_fastrtps_c.h
-- Symlinking: /home/hyo/ukf_ws/install/wamv_msgs/include/wamv_msgs/wamv_msgs/msg/detail/guidance_type__rosidl_typesupport_fastrtps_c.h
-- Symlinking: /home/hyo/ukf_ws/install/wamv_msgs/include/wamv_msgs/wamv_msgs/msg/detail/navigation_type__rosidl_typesupport_fastrtps_c.h
-- Symlinking: /home/hyo/ukf_ws/install/wamv_msgs/include/wamv_msgs/wamv_msgs/msg/detail/rl_type__rosidl_typesupport_fastrtps_c.h
-- Symlinking: /home/hyo/ukf_ws/install/wamv_msgs/include/wamv_msgs/wamv_msgs/msg/detail/wamv_info__rosidl_typesupport_fastrtps_c.h
-- Symlinking: /home/hyo/ukf_ws/install/wamv_msgs/include/wamv_msgs/wamv_msgs/msg/rosidl_typesupport_fastrtps_c__visibility_control.h
-- Symlinking: /home/hyo/ukf_ws/install/wamv_msgs/include/wamv_msgs/wamv_msgs/msg/control_type.hpp
-- Symlinking: /home/hyo/ukf_ws/install/wamv_msgs/include/wamv_msgs/wamv_msgs/msg/detail/control_type__builder.hpp
-- Symlinking: /home/hyo/ukf_ws/install/wamv_msgs/include/wamv_msgs/wamv_msgs/msg/detail/control_type__struct.hpp
-- Symlinking: /home/hyo/ukf_ws/install/wamv_msgs/include/wamv_msgs/wamv_msgs/msg/detail/control_type__traits.hpp
-- Symlinking: /home/hyo/ukf_ws/install/wamv_msgs/include/wamv_msgs/wamv_msgs/msg/detail/guidance_type__builder.hpp
-- Symlinking: /home/hyo/ukf_ws/install/wamv_msgs/include/wamv_msgs/wamv_msgs/msg/detail/guidance_type__struct.hpp
-- Symlinking: /home/hyo/ukf_ws/install/wamv_msgs/include/wamv_msgs/wamv_msgs/msg/detail/guidance_type__traits.hpp
-- Symlinking: /home/hyo/ukf_ws/install/wamv_msgs/include/wamv_msgs/wamv_msgs/msg/detail/navigation_type__builder.hpp
-- Symlinking: /home/hyo/ukf_ws/install/wamv_msgs/include/wamv_msgs/wamv_msgs/msg/detail/navigation_type__struct.hpp
-- Symlinking: /home/hyo/ukf_ws/install/wamv_msgs/include/wamv_msgs/wamv_msgs/msg/detail/navigation_type__traits.hpp
-- Symlinking: /home/hyo/ukf_ws/install/wamv_msgs/include/wamv_msgs/wamv_msgs/msg/detail/rl_type__builder.hpp
-- Symlinking: /home/hyo/ukf_ws/install/wamv_msgs/include/wamv_msgs/wamv_msgs/msg/detail/rl_type__struct.hpp
-- Symlinking: /home/hyo/ukf_ws/install/wamv_msgs/include/wamv_msgs/wamv_msgs/msg/detail/rl_type__traits.hpp
-- Symlinking: /home/hyo/ukf_ws/install/wamv_msgs/include/wamv_msgs/wamv_msgs/msg/detail/wamv_info__builder.hpp
-- Symlinking: /home/hyo/ukf_ws/install/wamv_msgs/include/wamv_msgs/wamv_msgs/msg/detail/wamv_info__struct.hpp
-- Symlinking: /home/hyo/ukf_ws/install/wamv_msgs/include/wamv_msgs/wamv_msgs/msg/detail/wamv_info__traits.hpp
-- Symlinking: /home/hyo/ukf_ws/install/wamv_msgs/include/wamv_msgs/wamv_msgs/msg/guidance_type.hpp
-- Symlinking: /home/hyo/ukf_ws/install/wamv_msgs/include/wamv_msgs/wamv_msgs/msg/navigation_type.hpp
-- Symlinking: /home/hyo/ukf_ws/install/wamv_msgs/include/wamv_msgs/wamv_msgs/msg/rl_type.hpp
-- Symlinking: /home/hyo/ukf_ws/install/wamv_msgs/include/wamv_msgs/wamv_msgs/msg/wamv_info.hpp
-- Symlinking: /home/hyo/ukf_ws/install/wamv_msgs/include/wamv_msgs/wamv_msgs/msg/detail/control_type__rosidl_typesupport_fastrtps_cpp.hpp
-- Symlinking: /home/hyo/ukf_ws/install/wamv_msgs/include/wamv_msgs/wamv_msgs/msg/detail/guidance_type__rosidl_typesupport_fastrtps_cpp.hpp
-- Symlinking: /home/hyo/ukf_ws/install/wamv_msgs/include/wamv_msgs/wamv_msgs/msg/detail/navigation_type__rosidl_typesupport_fastrtps_cpp.hpp
-- Symlinking: /home/hyo/ukf_ws/install/wamv_msgs/include/wamv_msgs/wamv_msgs/msg/detail/rl_type__rosidl_typesupport_fastrtps_cpp.hpp
-- Symlinking: /home/hyo/ukf_ws/install/wamv_msgs/include/wamv_msgs/wamv_msgs/msg/detail/wamv_info__rosidl_typesupport_fastrtps_cpp.hpp
-- Symlinking: /home/hyo/ukf_ws/install/wamv_msgs/include/wamv_msgs/wamv_msgs/msg/rosidl_typesupport_fastrtps_cpp__visibility_control.h
-- Symlinking: /home/hyo/ukf_ws/install/wamv_msgs/include/wamv_msgs/wamv_msgs/msg/detail/control_type__rosidl_typesupport_introspection_c.h
-- Symlinking: /home/hyo/ukf_ws/install/wamv_msgs/include/wamv_msgs/wamv_msgs/msg/detail/guidance_type__rosidl_typesupport_introspection_c.h
-- Symlinking: /home/hyo/ukf_ws/install/wamv_msgs/include/wamv_msgs/wamv_msgs/msg/detail/navigation_type__rosidl_typesupport_introspection_c.h
-- Symlinking: /home/hyo/ukf_ws/install/wamv_msgs/include/wamv_msgs/wamv_msgs/msg/detail/rl_type__rosidl_typesupport_introspection_c.h
-- Symlinking: /home/hyo/ukf_ws/install/wamv_msgs/include/wamv_msgs/wamv_msgs/msg/detail/wamv_info__rosidl_typesupport_introspection_c.h
-- Symlinking: /home/hyo/ukf_ws/install/wamv_msgs/include/wamv_msgs/wamv_msgs/msg/rosidl_typesupport_introspection_c__visibility_control.h
-- Symlinking: /home/hyo/ukf_ws/install/wamv_msgs/include/wamv_msgs/wamv_msgs/msg/detail/control_type__rosidl_typesupport_introspection_cpp.hpp
-- Symlinking: /home/hyo/ukf_ws/install/wamv_msgs/include/wamv_msgs/wamv_msgs/msg/detail/guidance_type__rosidl_typesupport_introspection_cpp.hpp
-- Symlinking: /home/hyo/ukf_ws/install/wamv_msgs/include/wamv_msgs/wamv_msgs/msg/detail/navigation_type__rosidl_typesupport_introspection_cpp.hpp
-- Symlinking: /home/hyo/ukf_ws/install/wamv_msgs/include/wamv_msgs/wamv_msgs/msg/detail/rl_type__rosidl_typesupport_introspection_cpp.hpp
-- Symlinking: /home/hyo/ukf_ws/install/wamv_msgs/include/wamv_msgs/wamv_msgs/msg/detail/wamv_info__rosidl_typesupport_introspection_cpp.hpp
-- Symlinking: /home/hyo/ukf_ws/install/wamv_msgs/share/wamv_msgs/environment/pythonpath.sh
-- Symlinking: /home/hyo/ukf_ws/install/wamv_msgs/share/wamv_msgs/environment/pythonpath.dsv
-- Symlinking: /home/hyo/ukf_ws/install/wamv_msgs/local/lib/python3.10/dist-packages/wamv_msgs-0.0.0-py3.10.egg-info/PKG-INFO
-- Symlinking: /home/hyo/ukf_ws/install/wamv_msgs/local/lib/python3.10/dist-packages/wamv_msgs-0.0.0-py3.10.egg-info/SOURCES.txt
-- Symlinking: /home/hyo/ukf_ws/install/wamv_msgs/local/lib/python3.10/dist-packages/wamv_msgs-0.0.0-py3.10.egg-info/dependency_links.txt
-- Symlinking: /home/hyo/ukf_ws/install/wamv_msgs/local/lib/python3.10/dist-packages/wamv_msgs-0.0.0-py3.10.egg-info/top_level.txt
-- Symlinking: /home/hyo/ukf_ws/install/wamv_msgs/local/lib/python3.10/dist-packages/wamv_msgs/__init__.py
-- Symlinking: /home/hyo/ukf_ws/install/wamv_msgs/local/lib/python3.10/dist-packages/wamv_msgs/_wamv_msgs_s.ep.rosidl_typesupport_c.c
-- Symlinking: /home/hyo/ukf_ws/install/wamv_msgs/local/lib/python3.10/dist-packages/wamv_msgs/_wamv_msgs_s.ep.rosidl_typesupport_fastrtps_c.c
-- Symlinking: /home/hyo/ukf_ws/install/wamv_msgs/local/lib/python3.10/dist-packages/wamv_msgs/_wamv_msgs_s.ep.rosidl_typesupport_introspection_c.c
-- Symlinking: /home/hyo/ukf_ws/install/wamv_msgs/local/lib/python3.10/dist-packages/wamv_msgs/libwamv_msgs__rosidl_generator_py.so
-- Symlinking: /home/hyo/ukf_ws/install/wamv_msgs/local/lib/python3.10/dist-packages/wamv_msgs/msg/__init__.py
-- Symlinking: /home/hyo/ukf_ws/install/wamv_msgs/local/lib/python3.10/dist-packages/wamv_msgs/msg/_control_type.py
-- Symlinking: /home/hyo/ukf_ws/install/wamv_msgs/local/lib/python3.10/dist-packages/wamv_msgs/msg/_control_type_s.c
-- Symlinking: /home/hyo/ukf_ws/install/wamv_msgs/local/lib/python3.10/dist-packages/wamv_msgs/msg/_guidance_type.py
-- Symlinking: /home/hyo/ukf_ws/install/wamv_msgs/local/lib/python3.10/dist-packages/wamv_msgs/msg/_guidance_type_s.c
-- Symlinking: /home/hyo/ukf_ws/install/wamv_msgs/local/lib/python3.10/dist-packages/wamv_msgs/msg/_navigation_type.py
-- Symlinking: /home/hyo/ukf_ws/install/wamv_msgs/local/lib/python3.10/dist-packages/wamv_msgs/msg/_navigation_type_s.c
-- Symlinking: /home/hyo/ukf_ws/install/wamv_msgs/local/lib/python3.10/dist-packages/wamv_msgs/msg/_rl_type.py
-- Symlinking: /home/hyo/ukf_ws/install/wamv_msgs/local/lib/python3.10/dist-packages/wamv_msgs/msg/_rl_type_s.c
-- Symlinking: /home/hyo/ukf_ws/install/wamv_msgs/local/lib/python3.10/dist-packages/wamv_msgs/msg/_wamv_info.py
-- Symlinking: /home/hyo/ukf_ws/install/wamv_msgs/local/lib/python3.10/dist-packages/wamv_msgs/msg/_wamv_info_s.c
-- Symlinking: /home/hyo/ukf_ws/install/wamv_msgs/local/lib/python3.10/dist-packages/wamv_msgs/wamv_msgs_s__rosidl_typesupport_c.cpython-310-x86_64-linux-gnu.so
-- Symlinking: /home/hyo/ukf_ws/install/wamv_msgs/local/lib/python3.10/dist-packages/wamv_msgs/wamv_msgs_s__rosidl_typesupport_fastrtps_c.cpython-310-x86_64-linux-gnu.so
-- Symlinking: /home/hyo/ukf_ws/install/wamv_msgs/local/lib/python3.10/dist-packages/wamv_msgs/wamv_msgs_s__rosidl_typesupport_introspection_c.cpython-310-x86_64-linux-gnu.so
-- Up-to-date symlink: /home/hyo/ukf_ws/install/wamv_msgs/local/lib/python3.10/dist-packages/wamv_msgs/wamv_msgs_s__rosidl_typesupport_fastrtps_c.cpython-310-x86_64-linux-gnu.so
-- Up-to-date symlink: /home/hyo/ukf_ws/install/wamv_msgs/local/lib/python3.10/dist-packages/wamv_msgs/wamv_msgs_s__rosidl_typesupport_introspection_c.cpython-310-x86_64-linux-gnu.so
-- Up-to-date symlink: /home/hyo/ukf_ws/install/wamv_msgs/local/lib/python3.10/dist-packages/wamv_msgs/wamv_msgs_s__rosidl_typesupport_c.cpython-310-x86_64-linux-gnu.so
-- Symlinking: /home/hyo/ukf_ws/install/wamv_msgs/share/wamv_msgs/msg/NavigationType.idl
-- Symlinking: /home/hyo/ukf_ws/install/wamv_msgs/share/wamv_msgs/msg/ControlType.idl
-- Symlinking: /home/hyo/ukf_ws/install/wamv_msgs/share/wamv_msgs/msg/GuidanceType.idl
-- Symlinking: /home/hyo/ukf_ws/install/wamv_msgs/share/wamv_msgs/msg/WAMVInfo.idl
-- Symlinking: /home/hyo/ukf_ws/install/wamv_msgs/share/wamv_msgs/msg/RLType.idl
-- Symlinking: /home/hyo/ukf_ws/install/wamv_msgs/share/wamv_msgs/msg/NavigationType.msg
-- Symlinking: /home/hyo/ukf_ws/install/wamv_msgs/share/wamv_msgs/msg/ControlType.msg
-- Symlinking: /home/hyo/ukf_ws/install/wamv_msgs/share/wamv_msgs/msg/GuidanceType.msg
-- Symlinking: /home/hyo/ukf_ws/install/wamv_msgs/share/wamv_msgs/msg/WAMVInfo.msg
-- Symlinking: /home/hyo/ukf_ws/install/wamv_msgs/share/wamv_msgs/msg/RLType.msg
-- Symlinking: /home/hyo/ukf_ws/install/wamv_msgs/share/ament_index/resource_index/package_run_dependencies/wamv_msgs
-- Symlinking: /home/hyo/ukf_ws/install/wamv_msgs/share/ament_index/resource_index/parent_prefix_path/wamv_msgs
-- Symlinking: /home/hyo/ukf_ws/install/wamv_msgs/share/wamv_msgs/environment/ament_prefix_path.sh
-- Symlinking: /home/hyo/ukf_ws/install/wamv_msgs/share/wamv_msgs/environment/ament_prefix_path.dsv
-- Symlinking: /home/hyo/ukf_ws/install/wamv_msgs/share/wamv_msgs/environment/path.sh
-- Symlinking: /home/hyo/ukf_ws/install/wamv_msgs/share/wamv_msgs/environment/path.dsv
-- Symlinking: /home/hyo/ukf_ws/install/wamv_msgs/share/wamv_msgs/local_setup.bash
-- Symlinking: /home/hyo/ukf_ws/install/wamv_msgs/share/wamv_msgs/local_setup.sh
-- Symlinking: /home/hyo/ukf_ws/install/wamv_msgs/share/wamv_msgs/local_setup.zsh
-- Symlinking: /home/hyo/ukf_ws/install/wamv_msgs/share/wamv_msgs/local_setup.dsv
-- Symlinking: /home/hyo/ukf_ws/install/wamv_msgs/share/wamv_msgs/package.dsv
-- Symlinking: /home/hyo/ukf_ws/install/wamv_msgs/share/ament_index/resource_index/packages/wamv_msgs
-- Symlinking: /home/hyo/ukf_ws/install/wamv_msgs/share/wamv_msgs/cmake/rosidl_cmake-extras.cmake
-- Symlinking: /home/hyo/ukf_ws/install/wamv_msgs/share/wamv_msgs/cmake/ament_cmake_export_dependencies-extras.cmake
-- Symlinking: /home/hyo/ukf_ws/install/wamv_msgs/share/wamv_msgs/cmake/ament_cmake_export_include_directories-extras.cmake
-- Symlinking: /home/hyo/ukf_ws/install/wamv_msgs/share/wamv_msgs/cmake/ament_cmake_export_libraries-extras.cmake
-- Symlinking: /home/hyo/ukf_ws/install/wamv_msgs/share/wamv_msgs/cmake/ament_cmake_export_targets-extras.cmake
-- Symlinking: /home/hyo/ukf_ws/install/wamv_msgs/share/wamv_msgs/cmake/rosidl_cmake_export_typesupport_targets-extras.cmake
-- Symlinking: /home/hyo/ukf_ws/install/wamv_msgs/share/wamv_msgs/cmake/rosidl_cmake_export_typesupport_libraries-extras.cmake
-- Symlinking: /home/hyo/ukf_ws/install/wamv_msgs/share/wamv_msgs/cmake/wamv_msgsConfig.cmake
-- Symlinking: /home/hyo/ukf_ws/install/wamv_msgs/share/wamv_msgs/cmake/wamv_msgsConfig-version.cmake
-- Symlinking: /home/hyo/ukf_ws/install/wamv_msgs/share/wamv_msgs/package.xml
-- Installing: /home/hyo/ukf_ws/install/wamv_msgs/lib/libwamv_msgs__rosidl_generator_c.so
-- Set runtime path of "/home/hyo/ukf_ws/install/wamv_msgs/lib/libwamv_msgs__rosidl_generator_c.so" to ""
-- Installing: /home/hyo/ukf_ws/install/wamv_msgs/lib/libwamv_msgs__rosidl_typesupport_fastrtps_c.so
-- Set runtime path of "/home/hyo/ukf_ws/install/wamv_msgs/lib/libwamv_msgs__rosidl_typesupport_fastrtps_c.so" to ""
-- Installing: /home/hyo/ukf_ws/install/wamv_msgs/lib/libwamv_msgs__rosidl_typesupport_fastrtps_cpp.so
-- Set runtime path of "/home/hyo/ukf_ws/install/wamv_msgs/lib/libwamv_msgs__rosidl_typesupport_fastrtps_cpp.so" to ""
-- Installing: /home/hyo/ukf_ws/install/wamv_msgs/lib/libwamv_msgs__rosidl_typesupport_introspection_c.so
-- Set runtime path of "/home/hyo/ukf_ws/install/wamv_msgs/lib/libwamv_msgs__rosidl_typesupport_introspection_c.so" to ""
-- Installing: /home/hyo/ukf_ws/install/wamv_msgs/lib/libwamv_msgs__rosidl_typesupport_c.so
-- Set runtime path of "/home/hyo/ukf_ws/install/wamv_msgs/lib/libwamv_msgs__rosidl_typesupport_c.so" to ""
-- Installing: /home/hyo/ukf_ws/install/wamv_msgs/lib/libwamv_msgs__rosidl_typesupport_introspection_cpp.so
-- Set runtime path of "/home/hyo/ukf_ws/install/wamv_msgs/lib/libwamv_msgs__rosidl_typesupport_introspection_cpp.so" to ""
-- Installing: /home/hyo/ukf_ws/install/wamv_msgs/lib/libwamv_msgs__rosidl_typesupport_cpp.so
-- Set runtime path of "/home/hyo/ukf_ws/install/wamv_msgs/lib/libwamv_msgs__rosidl_typesupport_cpp.so" to ""
Listing '/home/hyo/ukf_ws/install/wamv_msgs/local/lib/python3.10/dist-packages/wamv_msgs'...
Compiling '/home/hyo/ukf_ws/install/wamv_msgs/local/lib/python3.10/dist-packages/wamv_msgs/__init__.py'...
Listing '/home/hyo/ukf_ws/install/wamv_msgs/local/lib/python3.10/dist-packages/wamv_msgs/msg'...
Compiling '/home/hyo/ukf_ws/install/wamv_msgs/local/lib/python3.10/dist-packages/wamv_msgs/msg/__init__.py'...
Compiling '/home/hyo/ukf_ws/install/wamv_msgs/local/lib/python3.10/dist-packages/wamv_msgs/msg/_control_type.py'...
Compiling '/home/hyo/ukf_ws/install/wamv_msgs/local/lib/python3.10/dist-packages/wamv_msgs/msg/_guidance_type.py'...
Compiling '/home/hyo/ukf_ws/install/wamv_msgs/local/lib/python3.10/dist-packages/wamv_msgs/msg/_navigation_type.py'...
Compiling '/home/hyo/ukf_ws/install/wamv_msgs/local/lib/python3.10/dist-packages/wamv_msgs/msg/_rl_type.py'...
Compiling '/home/hyo/ukf_ws/install/wamv_msgs/local/lib/python3.10/dist-packages/wamv_msgs/msg/_wamv_info.py'...
-- Installing: /home/hyo/ukf_ws/install/wamv_msgs/lib/libwamv_msgs__rosidl_generator_py.so
-- Set runtime path of "/home/hyo/ukf_ws/install/wamv_msgs/lib/libwamv_msgs__rosidl_generator_py.so" to ""
-- Installing: /home/hyo/ukf_ws/install/wamv_msgs/share/wamv_msgs/cmake/export_wamv_msgs__rosidl_generator_cExport.cmake
-- Installing: /home/hyo/ukf_ws/install/wamv_msgs/share/wamv_msgs/cmake/export_wamv_msgs__rosidl_generator_cExport-noconfig.cmake
-- Installing: /home/hyo/ukf_ws/install/wamv_msgs/share/wamv_msgs/cmake/export_wamv_msgs__rosidl_typesupport_fastrtps_cExport.cmake
-- Installing: /home/hyo/ukf_ws/install/wamv_msgs/share/wamv_msgs/cmake/export_wamv_msgs__rosidl_typesupport_fastrtps_cExport-noconfig.cmake
-- Installing: /home/hyo/ukf_ws/install/wamv_msgs/share/wamv_msgs/cmake/export_wamv_msgs__rosidl_generator_cppExport.cmake
-- Installing: /home/hyo/ukf_ws/install/wamv_msgs/share/wamv_msgs/cmake/export_wamv_msgs__rosidl_typesupport_fastrtps_cppExport.cmake
-- Installing: /home/hyo/ukf_ws/install/wamv_msgs/share/wamv_msgs/cmake/export_wamv_msgs__rosidl_typesupport_fastrtps_cppExport-noconfig.cmake
-- Installing: /home/hyo/ukf_ws/install/wamv_msgs/share/wamv_msgs/cmake/wamv_msgs__rosidl_typesupport_introspection_cExport.cmake
-- Installing: /home/hyo/ukf_ws/install/wamv_msgs/share/wamv_msgs/cmake/wamv_msgs__rosidl_typesupport_introspection_cExport-noconfig.cmake
-- Installing: /home/hyo/ukf_ws/install/wamv_msgs/share/wamv_msgs/cmake/wamv_msgs__rosidl_typesupport_cExport.cmake
-- Installing: /home/hyo/ukf_ws/install/wamv_msgs/share/wamv_msgs/cmake/wamv_msgs__rosidl_typesupport_cExport-noconfig.cmake
-- Installing: /home/hyo/ukf_ws/install/wamv_msgs/share/wamv_msgs/cmake/wamv_msgs__rosidl_typesupport_introspection_cppExport.cmake
-- Installing: /home/hyo/ukf_ws/install/wamv_msgs/share/wamv_msgs/cmake/wamv_msgs__rosidl_typesupport_introspection_cppExport-noconfig.cmake
-- Installing: /home/hyo/ukf_ws/install/wamv_msgs/share/wamv_msgs/cmake/wamv_msgs__rosidl_typesupport_cppExport.cmake
-- Installing: /home/hyo/ukf_ws/install/wamv_msgs/share/wamv_msgs/cmake/wamv_msgs__rosidl_typesupport_cppExport-noconfig.cmake
-- Installing: /home/hyo/ukf_ws/install/wamv_msgs/share/wamv_msgs/cmake/export_wamv_msgs__rosidl_generator_pyExport.cmake
-- Installing: /home/hyo/ukf_ws/install/wamv_msgs/share/wamv_msgs/cmake/export_wamv_msgs__rosidl_generator_pyExport-noconfig.cmake
