[0.133s] Invoking command in '/home/hyo/ukf_ws/build/wamv_msgs': CMAKE_PREFIX_PATH=${CMAKE_PREFIX_PATH}:/home/hyo/dp_ws/install/dprl:/opt/ros/humble /usr/bin/cmake /home/hyo/ukf_ws/src/wamv_msgs -DAMENT_CMAKE_SYMLINK_INSTALL=1 -DCMAKE_INSTALL_PREFIX=/home/hyo/ukf_ws/install/wamv_msgs
[0.211s] -- The C compiler identification is GNU 11.4.0
[0.259s] -- The CXX compiler identification is GNU 11.4.0
[0.265s] -- Detecting C compiler ABI info
[0.299s] -- Detecting C compiler ABI info - done
[0.302s] -- Check for working C compiler: /usr/bin/cc - skipped
[0.303s] -- Detecting C compile features
[0.303s] -- Detecting C compile features - done
[0.305s] -- Detecting CXX compiler ABI info
[0.343s] -- Detecting CXX compiler ABI info - done
[0.347s] -- Check for working CXX compiler: /usr/bin/c++ - skipped
[0.347s] -- Detecting CXX compile features
[0.347s] -- Detecting CXX compile features - done
[0.350s] -- Found std_msgs: 4.2.4 (/opt/ros/humble/share/std_msgs/cmake)
[0.435s] -- Found Python3: /usr/bin/python3 (found version "3.10.12") found components: Interpreter 
[0.473s] -- Override CMake install command with custom implementation using symlinks instead of copying resources
[0.524s] -- Found rosidl_generator_c: 3.1.5 (/opt/ros/humble/share/rosidl_generator_c/cmake)
[0.528s] -- Found rosidl_adapter: 3.1.5 (/opt/ros/humble/share/rosidl_adapter/cmake)
[0.535s] -- Found rosidl_generator_cpp: 3.1.5 (/opt/ros/humble/share/rosidl_generator_cpp/cmake)
[0.544s] -- Using all available rosidl_typesupport_c: rosidl_typesupport_fastrtps_c;rosidl_typesupport_introspection_c
[0.556s] -- Using all available rosidl_typesupport_cpp: rosidl_typesupport_fastrtps_cpp;rosidl_typesupport_introspection_cpp
[0.573s] -- Found rosidl_default_generators: 1.2.0 (/opt/ros/humble/share/rosidl_default_generators/cmake)
[0.746s] -- Found ament_cmake_ros: 0.10.0 (/opt/ros/humble/share/ament_cmake_ros/cmake)
[0.967s] -- Using all available rosidl_typesupport_c: rosidl_typesupport_fastrtps_c;rosidl_typesupport_introspection_c
[1.056s] -- Using all available rosidl_typesupport_cpp: rosidl_typesupport_fastrtps_cpp;rosidl_typesupport_introspection_cpp
[1.069s] -- Found PythonInterp: /usr/bin/python3 (found suitable version "3.10.12", minimum required is "3.6") 
[1.070s] -- Found python_cmake_module: 0.10.0 (/opt/ros/humble/share/python_cmake_module/cmake)
[1.086s] -- Found PythonLibs: /usr/lib/x86_64-linux-gnu/libpython3.10.so (found suitable version "3.10.12", minimum required is "3.5") 
[1.086s] -- Using PYTHON_EXECUTABLE: /usr/bin/python3
[1.086s] -- Using PYTHON_INCLUDE_DIRS: /usr/include/python3.10
[1.086s] -- Using PYTHON_LIBRARIES: /usr/lib/x86_64-linux-gnu/libpython3.10.so
[1.099s] -- Found PythonExtra: .so  
[1.132s] -- Found ament_lint_auto: 0.12.11 (/opt/ros/humble/share/ament_lint_auto/cmake)
[1.148s] -- Added test 'lint_cmake' to check CMake code style
[1.149s] -- Added test 'xmllint' to check XML markup files
[1.151s] -- Configuring done
[1.168s] -- Generating done
[1.169s] -- Build files have been written to: /home/hyo/ukf_ws/build/wamv_msgs
[1.173s] Invoked command in '/home/hyo/ukf_ws/build/wamv_msgs' returned '0': CMAKE_PREFIX_PATH=${CMAKE_PREFIX_PATH}:/home/hyo/dp_ws/install/dprl:/opt/ros/humble /usr/bin/cmake /home/hyo/ukf_ws/src/wamv_msgs -DAMENT_CMAKE_SYMLINK_INSTALL=1 -DCMAKE_INSTALL_PREFIX=/home/hyo/ukf_ws/install/wamv_msgs
[1.174s] Invoking command in '/home/hyo/ukf_ws/build/wamv_msgs': CMAKE_PREFIX_PATH=${CMAKE_PREFIX_PATH}:/home/hyo/dp_ws/install/dprl:/opt/ros/humble /usr/bin/cmake --build /home/hyo/ukf_ws/build/wamv_msgs -- -j24 -l24
[1.193s] [  1%] [34m[1mGenerating C code for ROS interfaces[0m
[1.202s] [  3%] [34m[1mGenerating C++ code for ROS interfaces[0m
[1.204s] [  3%] Built target ament_cmake_python_symlink_wamv_msgs
[1.328s] running egg_info
[1.329s] creating wamv_msgs.egg-info
[1.329s] writing wamv_msgs.egg-info/PKG-INFO
[1.329s] writing dependency_links to wamv_msgs.egg-info/dependency_links.txt
[1.329s] writing top-level names to wamv_msgs.egg-info/top_level.txt
[1.329s] writing manifest file 'wamv_msgs.egg-info/SOURCES.txt'
[1.330s] reading manifest file 'wamv_msgs.egg-info/SOURCES.txt'
[1.330s] writing manifest file 'wamv_msgs.egg-info/SOURCES.txt'
[1.343s] [  3%] Built target ament_cmake_python_build_wamv_msgs_egg
[1.479s] [  3%] Built target wamv_msgs__cpp
[1.484s] [  4%] [34m[1mGenerating C++ type support dispatch for ROS interfaces[0m
[1.484s] [  6%] [34m[1mGenerating C++ type support for eProsima Fast-RTPS[0m
[1.484s] [  7%] [34m[1mGenerating C++ introspection for ROS interfaces[0m
[1.497s] [  9%] [32mBuilding C object CMakeFiles/wamv_msgs__rosidl_generator_c.dir/rosidl_generator_c/wamv_msgs/msg/detail/navigation_type__functions.c.o[0m
[1.497s] [ 11%] [32mBuilding C object CMakeFiles/wamv_msgs__rosidl_generator_c.dir/rosidl_generator_c/wamv_msgs/msg/detail/control_type__functions.c.o[0m
[1.497s] [ 12%] [32mBuilding C object CMakeFiles/wamv_msgs__rosidl_generator_c.dir/rosidl_generator_c/wamv_msgs/msg/detail/guidance_type__functions.c.o[0m
[1.497s] [ 14%] [32mBuilding C object CMakeFiles/wamv_msgs__rosidl_generator_c.dir/rosidl_generator_c/wamv_msgs/msg/detail/wamv_info__functions.c.o[0m
[1.497s] [ 15%] [32mBuilding C object CMakeFiles/wamv_msgs__rosidl_generator_c.dir/rosidl_generator_c/wamv_msgs/msg/detail/rl_type__functions.c.o[0m
[1.536s] [ 17%] [32m[1mLinking C shared library libwamv_msgs__rosidl_generator_c.so[0m
[1.553s] [ 17%] Built target wamv_msgs__rosidl_generator_c
[1.557s] [ 19%] [34m[1mGenerating C type support for eProsima Fast-RTPS[0m
[1.557s] [ 22%] [34m[1mGenerating C introspection for ROS interfaces[0m
[1.557s] [ 22%] [34m[1mGenerating C type support dispatch for ROS interfaces[0m
[1.686s] [ 23%] [32mBuilding CXX object CMakeFiles/wamv_msgs__rosidl_typesupport_cpp.dir/rosidl_typesupport_cpp/wamv_msgs/msg/navigation_type__type_support.cpp.o[0m
[1.687s] [ 25%] [32mBuilding CXX object CMakeFiles/wamv_msgs__rosidl_typesupport_cpp.dir/rosidl_typesupport_cpp/wamv_msgs/msg/control_type__type_support.cpp.o[0m
[1.687s] [ 26%] [32mBuilding CXX object CMakeFiles/wamv_msgs__rosidl_typesupport_cpp.dir/rosidl_typesupport_cpp/wamv_msgs/msg/guidance_type__type_support.cpp.o[0m
[1.689s] [ 28%] [32mBuilding CXX object CMakeFiles/wamv_msgs__rosidl_typesupport_cpp.dir/rosidl_typesupport_cpp/wamv_msgs/msg/wamv_info__type_support.cpp.o[0m
[1.689s] [ 30%] [32mBuilding CXX object CMakeFiles/wamv_msgs__rosidl_typesupport_cpp.dir/rosidl_typesupport_cpp/wamv_msgs/msg/rl_type__type_support.cpp.o[0m
[1.718s] [ 31%] [32mBuilding CXX object CMakeFiles/wamv_msgs__rosidl_typesupport_introspection_cpp.dir/rosidl_typesupport_introspection_cpp/wamv_msgs/msg/detail/navigation_type__type_support.cpp.o[0m
[1.718s] [ 33%] [32mBuilding CXX object CMakeFiles/wamv_msgs__rosidl_typesupport_introspection_cpp.dir/rosidl_typesupport_introspection_cpp/wamv_msgs/msg/detail/guidance_type__type_support.cpp.o[0m
[1.718s] [ 34%] [32mBuilding CXX object CMakeFiles/wamv_msgs__rosidl_typesupport_introspection_cpp.dir/rosidl_typesupport_introspection_cpp/wamv_msgs/msg/detail/wamv_info__type_support.cpp.o[0m
[1.718s] [ 36%] [32mBuilding CXX object CMakeFiles/wamv_msgs__rosidl_typesupport_introspection_cpp.dir/rosidl_typesupport_introspection_cpp/wamv_msgs/msg/detail/control_type__type_support.cpp.o[0m
[1.720s] [ 38%] [32mBuilding CXX object CMakeFiles/wamv_msgs__rosidl_typesupport_introspection_cpp.dir/rosidl_typesupport_introspection_cpp/wamv_msgs/msg/detail/rl_type__type_support.cpp.o[0m
[1.750s] [ 39%] [32mBuilding CXX object CMakeFiles/wamv_msgs__rosidl_typesupport_fastrtps_cpp.dir/rosidl_typesupport_fastrtps_cpp/wamv_msgs/msg/detail/dds_fastrtps/navigation_type__type_support.cpp.o[0m
[1.751s] [ 41%] [32mBuilding CXX object CMakeFiles/wamv_msgs__rosidl_typesupport_fastrtps_cpp.dir/rosidl_typesupport_fastrtps_cpp/wamv_msgs/msg/detail/dds_fastrtps/wamv_info__type_support.cpp.o[0m
[1.751s] [ 44%] [32mBuilding CXX object CMakeFiles/wamv_msgs__rosidl_typesupport_fastrtps_cpp.dir/rosidl_typesupport_fastrtps_cpp/wamv_msgs/msg/detail/dds_fastrtps/rl_type__type_support.cpp.o[0m
[1.751s] [ 44%] [32mBuilding CXX object CMakeFiles/wamv_msgs__rosidl_typesupport_fastrtps_cpp.dir/rosidl_typesupport_fastrtps_cpp/wamv_msgs/msg/detail/dds_fastrtps/control_type__type_support.cpp.o[0m
[1.751s] [ 46%] [32mBuilding CXX object CMakeFiles/wamv_msgs__rosidl_typesupport_fastrtps_cpp.dir/rosidl_typesupport_fastrtps_cpp/wamv_msgs/msg/detail/dds_fastrtps/guidance_type__type_support.cpp.o[0m
[1.759s] [ 50%] [32mBuilding CXX object CMakeFiles/wamv_msgs__rosidl_typesupport_c.dir/rosidl_typesupport_c/wamv_msgs/msg/guidance_type__type_support.cpp.o[0m
[1.759s] [ 50%] [32mBuilding CXX object CMakeFiles/wamv_msgs__rosidl_typesupport_c.dir/rosidl_typesupport_c/wamv_msgs/msg/wamv_info__type_support.cpp.o[0m
[1.759s] [ 50%] [32mBuilding CXX object CMakeFiles/wamv_msgs__rosidl_typesupport_c.dir/rosidl_typesupport_c/wamv_msgs/msg/rl_type__type_support.cpp.o[0m
[1.759s] [ 52%] [32mBuilding CXX object CMakeFiles/wamv_msgs__rosidl_typesupport_c.dir/rosidl_typesupport_c/wamv_msgs/msg/control_type__type_support.cpp.o[0m
[1.760s] [ 53%] [32mBuilding CXX object CMakeFiles/wamv_msgs__rosidl_typesupport_c.dir/rosidl_typesupport_c/wamv_msgs/msg/navigation_type__type_support.cpp.o[0m
[1.783s] [ 55%] [32m[1mLinking CXX shared library libwamv_msgs__rosidl_typesupport_c.so[0m
[1.813s] [ 55%] Built target wamv_msgs__rosidl_typesupport_c
[1.819s] [ 57%] [32mBuilding C object CMakeFiles/wamv_msgs__rosidl_typesupport_introspection_c.dir/rosidl_typesupport_introspection_c/wamv_msgs/msg/detail/guidance_type__type_support.c.o[0m
[1.819s] [ 60%] [32mBuilding C object CMakeFiles/wamv_msgs__rosidl_typesupport_introspection_c.dir/rosidl_typesupport_introspection_c/wamv_msgs/msg/detail/control_type__type_support.c.o[0m
[1.819s] [ 60%] [32mBuilding C object CMakeFiles/wamv_msgs__rosidl_typesupport_introspection_c.dir/rosidl_typesupport_introspection_c/wamv_msgs/msg/detail/navigation_type__type_support.c.o[0m
[1.819s] [ 61%] [32mBuilding C object CMakeFiles/wamv_msgs__rosidl_typesupport_introspection_c.dir/rosidl_typesupport_introspection_c/wamv_msgs/msg/detail/wamv_info__type_support.c.o[0m
[1.820s] [ 63%] [32mBuilding C object CMakeFiles/wamv_msgs__rosidl_typesupport_introspection_c.dir/rosidl_typesupport_introspection_c/wamv_msgs/msg/detail/rl_type__type_support.c.o[0m
[1.827s] [ 68%] [32mBuilding CXX object CMakeFiles/wamv_msgs__rosidl_typesupport_fastrtps_c.dir/rosidl_typesupport_fastrtps_c/wamv_msgs/msg/detail/navigation_type__type_support_c.cpp.o[0m
[1.828s] [ 68%] [32mBuilding CXX object CMakeFiles/wamv_msgs__rosidl_typesupport_fastrtps_c.dir/rosidl_typesupport_fastrtps_c/wamv_msgs/msg/detail/control_type__type_support_c.cpp.o[0m
[1.828s] [ 68%] [32mBuilding CXX object CMakeFiles/wamv_msgs__rosidl_typesupport_fastrtps_c.dir/rosidl_typesupport_fastrtps_c/wamv_msgs/msg/detail/wamv_info__type_support_c.cpp.o[0m
[1.842s] [ 69%] [32mBuilding CXX object CMakeFiles/wamv_msgs__rosidl_typesupport_fastrtps_c.dir/rosidl_typesupport_fastrtps_c/wamv_msgs/msg/detail/guidance_type__type_support_c.cpp.o[0m
[1.842s] [ 71%] [32mBuilding CXX object CMakeFiles/wamv_msgs__rosidl_typesupport_fastrtps_c.dir/rosidl_typesupport_fastrtps_c/wamv_msgs/msg/detail/rl_type__type_support_c.cpp.o[0m
[1.846s] [ 73%] [32m[1mLinking C shared library libwamv_msgs__rosidl_typesupport_introspection_c.so[0m
[1.868s] [ 73%] Built target wamv_msgs__rosidl_typesupport_introspection_c
[1.914s] [ 74%] [32m[1mLinking CXX shared library libwamv_msgs__rosidl_typesupport_cpp.so[0m
[1.948s] [ 74%] Built target wamv_msgs__rosidl_typesupport_cpp
[2.008s] [ 76%] [32m[1mLinking CXX shared library libwamv_msgs__rosidl_typesupport_introspection_cpp.so[0m
[2.015s] [ 77%] [32m[1mLinking CXX shared library libwamv_msgs__rosidl_typesupport_fastrtps_cpp.so[0m
[2.040s] [ 77%] Built target wamv_msgs__rosidl_typesupport_introspection_cpp
[2.048s] [ 79%] [32m[1mLinking CXX shared library libwamv_msgs__rosidl_typesupport_fastrtps_c.so[0m
[2.051s] [ 79%] Built target wamv_msgs__rosidl_typesupport_fastrtps_cpp
[2.083s] [ 79%] Built target wamv_msgs__rosidl_typesupport_fastrtps_c
[2.092s] [ 79%] Built target wamv_msgs
[2.102s] [ 80%] [34m[1mGenerating Python code for ROS interfaces[0m
[2.557s] [ 80%] Built target wamv_msgs__py
[2.565s] [ 82%] [32mBuilding C object CMakeFiles/wamv_msgs__rosidl_generator_py.dir/rosidl_generator_py/wamv_msgs/msg/_navigation_type_s.c.o[0m
[2.566s] [ 84%] [32mBuilding C object CMakeFiles/wamv_msgs__rosidl_generator_py.dir/rosidl_generator_py/wamv_msgs/msg/_control_type_s.c.o[0m
[2.566s] [ 85%] [32mBuilding C object CMakeFiles/wamv_msgs__rosidl_generator_py.dir/rosidl_generator_py/wamv_msgs/msg/_guidance_type_s.c.o[0m
[2.566s] [ 87%] [32mBuilding C object CMakeFiles/wamv_msgs__rosidl_generator_py.dir/rosidl_generator_py/wamv_msgs/msg/_wamv_info_s.c.o[0m
[2.566s] [ 88%] [32mBuilding C object CMakeFiles/wamv_msgs__rosidl_generator_py.dir/rosidl_generator_py/wamv_msgs/msg/_rl_type_s.c.o[0m
[2.633s] [ 90%] [32m[1mLinking C shared library rosidl_generator_py/wamv_msgs/libwamv_msgs__rosidl_generator_py.so[0m
[2.652s] [ 90%] Built target wamv_msgs__rosidl_generator_py
[2.661s] [ 92%] [32mBuilding C object CMakeFiles/wamv_msgs__rosidl_typesupport_fastrtps_c__pyext.dir/rosidl_generator_py/wamv_msgs/_wamv_msgs_s.ep.rosidl_typesupport_fastrtps_c.c.o[0m
[2.661s] [ 93%] [32mBuilding C object CMakeFiles/wamv_msgs__rosidl_typesupport_introspection_c__pyext.dir/rosidl_generator_py/wamv_msgs/_wamv_msgs_s.ep.rosidl_typesupport_introspection_c.c.o[0m
[2.661s] [ 95%] [32mBuilding C object CMakeFiles/wamv_msgs__rosidl_typesupport_c__pyext.dir/rosidl_generator_py/wamv_msgs/_wamv_msgs_s.ep.rosidl_typesupport_c.c.o[0m
[2.715s] [100%] [32m[1mLinking C shared library rosidl_generator_py/wamv_msgs/wamv_msgs_s__rosidl_typesupport_introspection_c.cpython-310-x86_64-linux-gnu.so[0m
[2.715s] [100%] [32m[1mLinking C shared library rosidl_generator_py/wamv_msgs/wamv_msgs_s__rosidl_typesupport_fastrtps_c.cpython-310-x86_64-linux-gnu.so[0m
[2.715s] [100%] [32m[1mLinking C shared library rosidl_generator_py/wamv_msgs/wamv_msgs_s__rosidl_typesupport_c.cpython-310-x86_64-linux-gnu.so[0m
[2.733s] [100%] Built target wamv_msgs__rosidl_typesupport_introspection_c__pyext
[2.733s] [100%] Built target wamv_msgs__rosidl_typesupport_fastrtps_c__pyext
[2.734s] [100%] Built target wamv_msgs__rosidl_typesupport_c__pyext
[2.740s] Invoked command in '/home/hyo/ukf_ws/build/wamv_msgs' returned '0': CMAKE_PREFIX_PATH=${CMAKE_PREFIX_PATH}:/home/hyo/dp_ws/install/dprl:/opt/ros/humble /usr/bin/cmake --build /home/hyo/ukf_ws/build/wamv_msgs -- -j24 -l24
[2.968s] Invoking command in '/home/hyo/ukf_ws/build/wamv_msgs': CMAKE_PREFIX_PATH=${CMAKE_PREFIX_PATH}:/home/hyo/dp_ws/install/dprl:/opt/ros/humble /usr/bin/cmake --install /home/hyo/ukf_ws/build/wamv_msgs
[2.978s] -- Install configuration: ""
[2.980s] -- Execute custom install script
[2.980s] -- Symlinking: /home/hyo/ukf_ws/install/wamv_msgs/share/ament_index/resource_index/rosidl_interfaces/wamv_msgs
[2.994s] -- Symlinking: /home/hyo/ukf_ws/install/wamv_msgs/include/wamv_msgs/wamv_msgs/msg/control_type.h
[3.002s] -- Symlinking: /home/hyo/ukf_ws/install/wamv_msgs/include/wamv_msgs/wamv_msgs/msg/detail/control_type__functions.h
[3.015s] -- Symlinking: /home/hyo/ukf_ws/install/wamv_msgs/include/wamv_msgs/wamv_msgs/msg/detail/control_type__struct.h
[3.026s] -- Symlinking: /home/hyo/ukf_ws/install/wamv_msgs/include/wamv_msgs/wamv_msgs/msg/detail/control_type__type_support.h
[3.035s] -- Symlinking: /home/hyo/ukf_ws/install/wamv_msgs/include/wamv_msgs/wamv_msgs/msg/detail/guidance_type__functions.h
[3.044s] -- Symlinking: /home/hyo/ukf_ws/install/wamv_msgs/include/wamv_msgs/wamv_msgs/msg/detail/guidance_type__struct.h
[3.052s] -- Symlinking: /home/hyo/ukf_ws/install/wamv_msgs/include/wamv_msgs/wamv_msgs/msg/detail/guidance_type__type_support.h
[3.064s] -- Symlinking: /home/hyo/ukf_ws/install/wamv_msgs/include/wamv_msgs/wamv_msgs/msg/detail/navigation_type__functions.h
[3.075s] -- Symlinking: /home/hyo/ukf_ws/install/wamv_msgs/include/wamv_msgs/wamv_msgs/msg/detail/navigation_type__struct.h
[3.089s] -- Symlinking: /home/hyo/ukf_ws/install/wamv_msgs/include/wamv_msgs/wamv_msgs/msg/detail/navigation_type__type_support.h
[3.104s] -- Symlinking: /home/hyo/ukf_ws/install/wamv_msgs/include/wamv_msgs/wamv_msgs/msg/detail/rl_type__functions.h
[3.119s] -- Symlinking: /home/hyo/ukf_ws/install/wamv_msgs/include/wamv_msgs/wamv_msgs/msg/detail/rl_type__struct.h
[3.133s] -- Symlinking: /home/hyo/ukf_ws/install/wamv_msgs/include/wamv_msgs/wamv_msgs/msg/detail/rl_type__type_support.h
[3.145s] -- Symlinking: /home/hyo/ukf_ws/install/wamv_msgs/include/wamv_msgs/wamv_msgs/msg/detail/wamv_info__functions.h
[3.156s] -- Symlinking: /home/hyo/ukf_ws/install/wamv_msgs/include/wamv_msgs/wamv_msgs/msg/detail/wamv_info__struct.h
[3.165s] -- Symlinking: /home/hyo/ukf_ws/install/wamv_msgs/include/wamv_msgs/wamv_msgs/msg/detail/wamv_info__type_support.h
[3.171s] -- Symlinking: /home/hyo/ukf_ws/install/wamv_msgs/include/wamv_msgs/wamv_msgs/msg/guidance_type.h
[3.176s] -- Symlinking: /home/hyo/ukf_ws/install/wamv_msgs/include/wamv_msgs/wamv_msgs/msg/navigation_type.h
[3.182s] -- Symlinking: /home/hyo/ukf_ws/install/wamv_msgs/include/wamv_msgs/wamv_msgs/msg/rl_type.h
[3.186s] -- Symlinking: /home/hyo/ukf_ws/install/wamv_msgs/include/wamv_msgs/wamv_msgs/msg/rosidl_generator_c__visibility_control.h
[3.193s] -- Symlinking: /home/hyo/ukf_ws/install/wamv_msgs/include/wamv_msgs/wamv_msgs/msg/wamv_info.h
[3.199s] -- Symlinking: /home/hyo/ukf_ws/install/wamv_msgs/share/wamv_msgs/environment/library_path.sh
[3.206s] -- Symlinking: /home/hyo/ukf_ws/install/wamv_msgs/share/wamv_msgs/environment/library_path.dsv
[3.214s] -- Symlinking: /home/hyo/ukf_ws/install/wamv_msgs/include/wamv_msgs/wamv_msgs/msg/detail/control_type__rosidl_typesupport_fastrtps_c.h
[3.220s] -- Symlinking: /home/hyo/ukf_ws/install/wamv_msgs/include/wamv_msgs/wamv_msgs/msg/detail/guidance_type__rosidl_typesupport_fastrtps_c.h
[3.227s] -- Symlinking: /home/hyo/ukf_ws/install/wamv_msgs/include/wamv_msgs/wamv_msgs/msg/detail/navigation_type__rosidl_typesupport_fastrtps_c.h
[3.234s] -- Symlinking: /home/hyo/ukf_ws/install/wamv_msgs/include/wamv_msgs/wamv_msgs/msg/detail/rl_type__rosidl_typesupport_fastrtps_c.h
[3.240s] -- Symlinking: /home/hyo/ukf_ws/install/wamv_msgs/include/wamv_msgs/wamv_msgs/msg/detail/wamv_info__rosidl_typesupport_fastrtps_c.h
[3.246s] -- Symlinking: /home/hyo/ukf_ws/install/wamv_msgs/include/wamv_msgs/wamv_msgs/msg/rosidl_typesupport_fastrtps_c__visibility_control.h
[3.253s] -- Symlinking: /home/hyo/ukf_ws/install/wamv_msgs/include/wamv_msgs/wamv_msgs/msg/control_type.hpp
[3.258s] -- Symlinking: /home/hyo/ukf_ws/install/wamv_msgs/include/wamv_msgs/wamv_msgs/msg/detail/control_type__builder.hpp
[3.264s] -- Symlinking: /home/hyo/ukf_ws/install/wamv_msgs/include/wamv_msgs/wamv_msgs/msg/detail/control_type__struct.hpp
[3.269s] -- Symlinking: /home/hyo/ukf_ws/install/wamv_msgs/include/wamv_msgs/wamv_msgs/msg/detail/control_type__traits.hpp
[3.273s] -- Symlinking: /home/hyo/ukf_ws/install/wamv_msgs/include/wamv_msgs/wamv_msgs/msg/detail/guidance_type__builder.hpp
[3.278s] -- Symlinking: /home/hyo/ukf_ws/install/wamv_msgs/include/wamv_msgs/wamv_msgs/msg/detail/guidance_type__struct.hpp
[3.286s] -- Symlinking: /home/hyo/ukf_ws/install/wamv_msgs/include/wamv_msgs/wamv_msgs/msg/detail/guidance_type__traits.hpp
[3.297s] -- Symlinking: /home/hyo/ukf_ws/install/wamv_msgs/include/wamv_msgs/wamv_msgs/msg/detail/navigation_type__builder.hpp
[3.308s] -- Symlinking: /home/hyo/ukf_ws/install/wamv_msgs/include/wamv_msgs/wamv_msgs/msg/detail/navigation_type__struct.hpp
[3.322s] -- Symlinking: /home/hyo/ukf_ws/install/wamv_msgs/include/wamv_msgs/wamv_msgs/msg/detail/navigation_type__traits.hpp
[3.335s] -- Symlinking: /home/hyo/ukf_ws/install/wamv_msgs/include/wamv_msgs/wamv_msgs/msg/detail/rl_type__builder.hpp
[3.348s] -- Symlinking: /home/hyo/ukf_ws/install/wamv_msgs/include/wamv_msgs/wamv_msgs/msg/detail/rl_type__struct.hpp
[3.361s] -- Symlinking: /home/hyo/ukf_ws/install/wamv_msgs/include/wamv_msgs/wamv_msgs/msg/detail/rl_type__traits.hpp
[3.371s] -- Symlinking: /home/hyo/ukf_ws/install/wamv_msgs/include/wamv_msgs/wamv_msgs/msg/detail/wamv_info__builder.hpp
[3.379s] -- Symlinking: /home/hyo/ukf_ws/install/wamv_msgs/include/wamv_msgs/wamv_msgs/msg/detail/wamv_info__struct.hpp
[3.388s] -- Symlinking: /home/hyo/ukf_ws/install/wamv_msgs/include/wamv_msgs/wamv_msgs/msg/detail/wamv_info__traits.hpp
[3.397s] -- Symlinking: /home/hyo/ukf_ws/install/wamv_msgs/include/wamv_msgs/wamv_msgs/msg/guidance_type.hpp
[3.408s] -- Symlinking: /home/hyo/ukf_ws/install/wamv_msgs/include/wamv_msgs/wamv_msgs/msg/navigation_type.hpp
[3.417s] -- Symlinking: /home/hyo/ukf_ws/install/wamv_msgs/include/wamv_msgs/wamv_msgs/msg/rl_type.hpp
[3.427s] -- Symlinking: /home/hyo/ukf_ws/install/wamv_msgs/include/wamv_msgs/wamv_msgs/msg/wamv_info.hpp
[3.435s] -- Symlinking: /home/hyo/ukf_ws/install/wamv_msgs/include/wamv_msgs/wamv_msgs/msg/detail/control_type__rosidl_typesupport_fastrtps_cpp.hpp
[3.442s] -- Symlinking: /home/hyo/ukf_ws/install/wamv_msgs/include/wamv_msgs/wamv_msgs/msg/detail/guidance_type__rosidl_typesupport_fastrtps_cpp.hpp
[3.450s] -- Symlinking: /home/hyo/ukf_ws/install/wamv_msgs/include/wamv_msgs/wamv_msgs/msg/detail/navigation_type__rosidl_typesupport_fastrtps_cpp.hpp
[3.458s] -- Symlinking: /home/hyo/ukf_ws/install/wamv_msgs/include/wamv_msgs/wamv_msgs/msg/detail/rl_type__rosidl_typesupport_fastrtps_cpp.hpp
[3.464s] -- Symlinking: /home/hyo/ukf_ws/install/wamv_msgs/include/wamv_msgs/wamv_msgs/msg/detail/wamv_info__rosidl_typesupport_fastrtps_cpp.hpp
[3.471s] -- Symlinking: /home/hyo/ukf_ws/install/wamv_msgs/include/wamv_msgs/wamv_msgs/msg/rosidl_typesupport_fastrtps_cpp__visibility_control.h
[3.478s] -- Symlinking: /home/hyo/ukf_ws/install/wamv_msgs/include/wamv_msgs/wamv_msgs/msg/detail/control_type__rosidl_typesupport_introspection_c.h
[3.484s] -- Symlinking: /home/hyo/ukf_ws/install/wamv_msgs/include/wamv_msgs/wamv_msgs/msg/detail/guidance_type__rosidl_typesupport_introspection_c.h
[3.491s] -- Symlinking: /home/hyo/ukf_ws/install/wamv_msgs/include/wamv_msgs/wamv_msgs/msg/detail/navigation_type__rosidl_typesupport_introspection_c.h
[3.496s] -- Symlinking: /home/hyo/ukf_ws/install/wamv_msgs/include/wamv_msgs/wamv_msgs/msg/detail/rl_type__rosidl_typesupport_introspection_c.h
[3.502s] -- Symlinking: /home/hyo/ukf_ws/install/wamv_msgs/include/wamv_msgs/wamv_msgs/msg/detail/wamv_info__rosidl_typesupport_introspection_c.h
[3.509s] -- Symlinking: /home/hyo/ukf_ws/install/wamv_msgs/include/wamv_msgs/wamv_msgs/msg/rosidl_typesupport_introspection_c__visibility_control.h
[3.515s] -- Symlinking: /home/hyo/ukf_ws/install/wamv_msgs/include/wamv_msgs/wamv_msgs/msg/detail/control_type__rosidl_typesupport_introspection_cpp.hpp
[3.522s] -- Symlinking: /home/hyo/ukf_ws/install/wamv_msgs/include/wamv_msgs/wamv_msgs/msg/detail/guidance_type__rosidl_typesupport_introspection_cpp.hpp
[3.528s] -- Symlinking: /home/hyo/ukf_ws/install/wamv_msgs/include/wamv_msgs/wamv_msgs/msg/detail/navigation_type__rosidl_typesupport_introspection_cpp.hpp
[3.535s] -- Symlinking: /home/hyo/ukf_ws/install/wamv_msgs/include/wamv_msgs/wamv_msgs/msg/detail/rl_type__rosidl_typesupport_introspection_cpp.hpp
[3.542s] -- Symlinking: /home/hyo/ukf_ws/install/wamv_msgs/include/wamv_msgs/wamv_msgs/msg/detail/wamv_info__rosidl_typesupport_introspection_cpp.hpp
[3.547s] -- Symlinking: /home/hyo/ukf_ws/install/wamv_msgs/share/wamv_msgs/environment/pythonpath.sh
[3.554s] -- Symlinking: /home/hyo/ukf_ws/install/wamv_msgs/share/wamv_msgs/environment/pythonpath.dsv
[3.559s] -- Symlinking: /home/hyo/ukf_ws/install/wamv_msgs/local/lib/python3.10/dist-packages/wamv_msgs-0.0.0-py3.10.egg-info/PKG-INFO
[3.567s] -- Symlinking: /home/hyo/ukf_ws/install/wamv_msgs/local/lib/python3.10/dist-packages/wamv_msgs-0.0.0-py3.10.egg-info/SOURCES.txt
[3.574s] -- Symlinking: /home/hyo/ukf_ws/install/wamv_msgs/local/lib/python3.10/dist-packages/wamv_msgs-0.0.0-py3.10.egg-info/dependency_links.txt
[3.579s] -- Symlinking: /home/hyo/ukf_ws/install/wamv_msgs/local/lib/python3.10/dist-packages/wamv_msgs-0.0.0-py3.10.egg-info/top_level.txt
[3.584s] -- Symlinking: /home/hyo/ukf_ws/install/wamv_msgs/local/lib/python3.10/dist-packages/wamv_msgs/__init__.py
[3.589s] -- Symlinking: /home/hyo/ukf_ws/install/wamv_msgs/local/lib/python3.10/dist-packages/wamv_msgs/_wamv_msgs_s.ep.rosidl_typesupport_c.c
[3.593s] -- Symlinking: /home/hyo/ukf_ws/install/wamv_msgs/local/lib/python3.10/dist-packages/wamv_msgs/_wamv_msgs_s.ep.rosidl_typesupport_fastrtps_c.c
[3.601s] -- Symlinking: /home/hyo/ukf_ws/install/wamv_msgs/local/lib/python3.10/dist-packages/wamv_msgs/_wamv_msgs_s.ep.rosidl_typesupport_introspection_c.c
[3.611s] -- Symlinking: /home/hyo/ukf_ws/install/wamv_msgs/local/lib/python3.10/dist-packages/wamv_msgs/libwamv_msgs__rosidl_generator_py.so
[3.625s] -- Symlinking: /home/hyo/ukf_ws/install/wamv_msgs/local/lib/python3.10/dist-packages/wamv_msgs/msg/__init__.py
[3.639s] -- Symlinking: /home/hyo/ukf_ws/install/wamv_msgs/local/lib/python3.10/dist-packages/wamv_msgs/msg/_control_type.py
[3.651s] -- Symlinking: /home/hyo/ukf_ws/install/wamv_msgs/local/lib/python3.10/dist-packages/wamv_msgs/msg/_control_type_s.c
[3.662s] -- Symlinking: /home/hyo/ukf_ws/install/wamv_msgs/local/lib/python3.10/dist-packages/wamv_msgs/msg/_guidance_type.py
[3.672s] -- Symlinking: /home/hyo/ukf_ws/install/wamv_msgs/local/lib/python3.10/dist-packages/wamv_msgs/msg/_guidance_type_s.c
[3.680s] -- Symlinking: /home/hyo/ukf_ws/install/wamv_msgs/local/lib/python3.10/dist-packages/wamv_msgs/msg/_navigation_type.py
[3.688s] -- Symlinking: /home/hyo/ukf_ws/install/wamv_msgs/local/lib/python3.10/dist-packages/wamv_msgs/msg/_navigation_type_s.c
[3.696s] -- Symlinking: /home/hyo/ukf_ws/install/wamv_msgs/local/lib/python3.10/dist-packages/wamv_msgs/msg/_rl_type.py
[3.704s] -- Symlinking: /home/hyo/ukf_ws/install/wamv_msgs/local/lib/python3.10/dist-packages/wamv_msgs/msg/_rl_type_s.c
[3.711s] -- Symlinking: /home/hyo/ukf_ws/install/wamv_msgs/local/lib/python3.10/dist-packages/wamv_msgs/msg/_wamv_info.py
[3.720s] -- Symlinking: /home/hyo/ukf_ws/install/wamv_msgs/local/lib/python3.10/dist-packages/wamv_msgs/msg/_wamv_info_s.c
[3.730s] -- Symlinking: /home/hyo/ukf_ws/install/wamv_msgs/local/lib/python3.10/dist-packages/wamv_msgs/wamv_msgs_s__rosidl_typesupport_c.cpython-310-x86_64-linux-gnu.so
[3.740s] -- Symlinking: /home/hyo/ukf_ws/install/wamv_msgs/local/lib/python3.10/dist-packages/wamv_msgs/wamv_msgs_s__rosidl_typesupport_fastrtps_c.cpython-310-x86_64-linux-gnu.so
[3.754s] -- Symlinking: /home/hyo/ukf_ws/install/wamv_msgs/local/lib/python3.10/dist-packages/wamv_msgs/wamv_msgs_s__rosidl_typesupport_introspection_c.cpython-310-x86_64-linux-gnu.so
[3.769s] -- Up-to-date symlink: /home/hyo/ukf_ws/install/wamv_msgs/local/lib/python3.10/dist-packages/wamv_msgs/wamv_msgs_s__rosidl_typesupport_fastrtps_c.cpython-310-x86_64-linux-gnu.so
[3.769s] -- Up-to-date symlink: /home/hyo/ukf_ws/install/wamv_msgs/local/lib/python3.10/dist-packages/wamv_msgs/wamv_msgs_s__rosidl_typesupport_introspection_c.cpython-310-x86_64-linux-gnu.so
[3.770s] -- Up-to-date symlink: /home/hyo/ukf_ws/install/wamv_msgs/local/lib/python3.10/dist-packages/wamv_msgs/wamv_msgs_s__rosidl_typesupport_c.cpython-310-x86_64-linux-gnu.so
[3.770s] -- Symlinking: /home/hyo/ukf_ws/install/wamv_msgs/share/wamv_msgs/msg/NavigationType.idl
[3.782s] -- Symlinking: /home/hyo/ukf_ws/install/wamv_msgs/share/wamv_msgs/msg/ControlType.idl
[3.793s] -- Symlinking: /home/hyo/ukf_ws/install/wamv_msgs/share/wamv_msgs/msg/GuidanceType.idl
[3.804s] -- Symlinking: /home/hyo/ukf_ws/install/wamv_msgs/share/wamv_msgs/msg/WAMVInfo.idl
[3.813s] -- Symlinking: /home/hyo/ukf_ws/install/wamv_msgs/share/wamv_msgs/msg/RLType.idl
[3.823s] -- Symlinking: /home/hyo/ukf_ws/install/wamv_msgs/share/wamv_msgs/msg/NavigationType.msg
[3.830s] -- Symlinking: /home/hyo/ukf_ws/install/wamv_msgs/share/wamv_msgs/msg/ControlType.msg
[3.836s] -- Symlinking: /home/hyo/ukf_ws/install/wamv_msgs/share/wamv_msgs/msg/GuidanceType.msg
[3.843s] -- Symlinking: /home/hyo/ukf_ws/install/wamv_msgs/share/wamv_msgs/msg/WAMVInfo.msg
[3.849s] -- Symlinking: /home/hyo/ukf_ws/install/wamv_msgs/share/wamv_msgs/msg/RLType.msg
[3.855s] -- Symlinking: /home/hyo/ukf_ws/install/wamv_msgs/share/ament_index/resource_index/package_run_dependencies/wamv_msgs
[3.863s] -- Symlinking: /home/hyo/ukf_ws/install/wamv_msgs/share/ament_index/resource_index/parent_prefix_path/wamv_msgs
[3.868s] -- Symlinking: /home/hyo/ukf_ws/install/wamv_msgs/share/wamv_msgs/environment/ament_prefix_path.sh
[3.872s] -- Symlinking: /home/hyo/ukf_ws/install/wamv_msgs/share/wamv_msgs/environment/ament_prefix_path.dsv
[3.877s] -- Symlinking: /home/hyo/ukf_ws/install/wamv_msgs/share/wamv_msgs/environment/path.sh
[3.882s] -- Symlinking: /home/hyo/ukf_ws/install/wamv_msgs/share/wamv_msgs/environment/path.dsv
[3.887s] -- Symlinking: /home/hyo/ukf_ws/install/wamv_msgs/share/wamv_msgs/local_setup.bash
[3.893s] -- Symlinking: /home/hyo/ukf_ws/install/wamv_msgs/share/wamv_msgs/local_setup.sh
[3.900s] -- Symlinking: /home/hyo/ukf_ws/install/wamv_msgs/share/wamv_msgs/local_setup.zsh
[3.905s] -- Symlinking: /home/hyo/ukf_ws/install/wamv_msgs/share/wamv_msgs/local_setup.dsv
[3.912s] -- Symlinking: /home/hyo/ukf_ws/install/wamv_msgs/share/wamv_msgs/package.dsv
[3.918s] -- Symlinking: /home/hyo/ukf_ws/install/wamv_msgs/share/ament_index/resource_index/packages/wamv_msgs
[3.924s] -- Symlinking: /home/hyo/ukf_ws/install/wamv_msgs/share/wamv_msgs/cmake/rosidl_cmake-extras.cmake
[3.932s] -- Symlinking: /home/hyo/ukf_ws/install/wamv_msgs/share/wamv_msgs/cmake/ament_cmake_export_dependencies-extras.cmake
[3.942s] -- Symlinking: /home/hyo/ukf_ws/install/wamv_msgs/share/wamv_msgs/cmake/ament_cmake_export_include_directories-extras.cmake
[3.955s] -- Symlinking: /home/hyo/ukf_ws/install/wamv_msgs/share/wamv_msgs/cmake/ament_cmake_export_libraries-extras.cmake
[3.967s] -- Symlinking: /home/hyo/ukf_ws/install/wamv_msgs/share/wamv_msgs/cmake/ament_cmake_export_targets-extras.cmake
[3.978s] -- Symlinking: /home/hyo/ukf_ws/install/wamv_msgs/share/wamv_msgs/cmake/rosidl_cmake_export_typesupport_targets-extras.cmake
[3.989s] -- Symlinking: /home/hyo/ukf_ws/install/wamv_msgs/share/wamv_msgs/cmake/rosidl_cmake_export_typesupport_libraries-extras.cmake
[4.004s] -- Symlinking: /home/hyo/ukf_ws/install/wamv_msgs/share/wamv_msgs/cmake/wamv_msgsConfig.cmake
[4.017s] -- Symlinking: /home/hyo/ukf_ws/install/wamv_msgs/share/wamv_msgs/cmake/wamv_msgsConfig-version.cmake
[4.030s] -- Symlinking: /home/hyo/ukf_ws/install/wamv_msgs/share/wamv_msgs/package.xml
[4.044s] -- Installing: /home/hyo/ukf_ws/install/wamv_msgs/lib/libwamv_msgs__rosidl_generator_c.so
[4.044s] -- Set runtime path of "/home/hyo/ukf_ws/install/wamv_msgs/lib/libwamv_msgs__rosidl_generator_c.so" to ""
[4.045s] -- Installing: /home/hyo/ukf_ws/install/wamv_msgs/lib/libwamv_msgs__rosidl_typesupport_fastrtps_c.so
[4.045s] -- Set runtime path of "/home/hyo/ukf_ws/install/wamv_msgs/lib/libwamv_msgs__rosidl_typesupport_fastrtps_c.so" to ""
[4.045s] -- Installing: /home/hyo/ukf_ws/install/wamv_msgs/lib/libwamv_msgs__rosidl_typesupport_fastrtps_cpp.so
[4.045s] -- Set runtime path of "/home/hyo/ukf_ws/install/wamv_msgs/lib/libwamv_msgs__rosidl_typesupport_fastrtps_cpp.so" to ""
[4.046s] -- Installing: /home/hyo/ukf_ws/install/wamv_msgs/lib/libwamv_msgs__rosidl_typesupport_introspection_c.so
[4.046s] -- Set runtime path of "/home/hyo/ukf_ws/install/wamv_msgs/lib/libwamv_msgs__rosidl_typesupport_introspection_c.so" to ""
[4.046s] -- Installing: /home/hyo/ukf_ws/install/wamv_msgs/lib/libwamv_msgs__rosidl_typesupport_c.so
[4.046s] -- Set runtime path of "/home/hyo/ukf_ws/install/wamv_msgs/lib/libwamv_msgs__rosidl_typesupport_c.so" to ""
[4.046s] -- Installing: /home/hyo/ukf_ws/install/wamv_msgs/lib/libwamv_msgs__rosidl_typesupport_introspection_cpp.so
[4.046s] -- Set runtime path of "/home/hyo/ukf_ws/install/wamv_msgs/lib/libwamv_msgs__rosidl_typesupport_introspection_cpp.so" to ""
[4.046s] -- Installing: /home/hyo/ukf_ws/install/wamv_msgs/lib/libwamv_msgs__rosidl_typesupport_cpp.so
[4.047s] -- Set runtime path of "/home/hyo/ukf_ws/install/wamv_msgs/lib/libwamv_msgs__rosidl_typesupport_cpp.so" to ""
[4.098s] Listing '/home/hyo/ukf_ws/install/wamv_msgs/local/lib/python3.10/dist-packages/wamv_msgs'...
[4.099s] Compiling '/home/hyo/ukf_ws/install/wamv_msgs/local/lib/python3.10/dist-packages/wamv_msgs/__init__.py'...
[4.099s] Listing '/home/hyo/ukf_ws/install/wamv_msgs/local/lib/python3.10/dist-packages/wamv_msgs/msg'...
[4.099s] Compiling '/home/hyo/ukf_ws/install/wamv_msgs/local/lib/python3.10/dist-packages/wamv_msgs/msg/__init__.py'...
[4.099s] Compiling '/home/hyo/ukf_ws/install/wamv_msgs/local/lib/python3.10/dist-packages/wamv_msgs/msg/_control_type.py'...
[4.099s] Compiling '/home/hyo/ukf_ws/install/wamv_msgs/local/lib/python3.10/dist-packages/wamv_msgs/msg/_guidance_type.py'...
[4.099s] Compiling '/home/hyo/ukf_ws/install/wamv_msgs/local/lib/python3.10/dist-packages/wamv_msgs/msg/_navigation_type.py'...
[4.099s] Compiling '/home/hyo/ukf_ws/install/wamv_msgs/local/lib/python3.10/dist-packages/wamv_msgs/msg/_rl_type.py'...
[4.099s] Compiling '/home/hyo/ukf_ws/install/wamv_msgs/local/lib/python3.10/dist-packages/wamv_msgs/msg/_wamv_info.py'...
[4.101s] -- Installing: /home/hyo/ukf_ws/install/wamv_msgs/lib/libwamv_msgs__rosidl_generator_py.so
[4.101s] -- Set runtime path of "/home/hyo/ukf_ws/install/wamv_msgs/lib/libwamv_msgs__rosidl_generator_py.so" to ""
[4.101s] -- Installing: /home/hyo/ukf_ws/install/wamv_msgs/share/wamv_msgs/cmake/export_wamv_msgs__rosidl_generator_cExport.cmake
[4.101s] -- Installing: /home/hyo/ukf_ws/install/wamv_msgs/share/wamv_msgs/cmake/export_wamv_msgs__rosidl_generator_cExport-noconfig.cmake
[4.101s] -- Installing: /home/hyo/ukf_ws/install/wamv_msgs/share/wamv_msgs/cmake/export_wamv_msgs__rosidl_typesupport_fastrtps_cExport.cmake
[4.101s] -- Installing: /home/hyo/ukf_ws/install/wamv_msgs/share/wamv_msgs/cmake/export_wamv_msgs__rosidl_typesupport_fastrtps_cExport-noconfig.cmake
[4.102s] -- Installing: /home/hyo/ukf_ws/install/wamv_msgs/share/wamv_msgs/cmake/export_wamv_msgs__rosidl_generator_cppExport.cmake
[4.102s] -- Installing: /home/hyo/ukf_ws/install/wamv_msgs/share/wamv_msgs/cmake/export_wamv_msgs__rosidl_typesupport_fastrtps_cppExport.cmake
[4.102s] -- Installing: /home/hyo/ukf_ws/install/wamv_msgs/share/wamv_msgs/cmake/export_wamv_msgs__rosidl_typesupport_fastrtps_cppExport-noconfig.cmake
[4.102s] -- Installing: /home/hyo/ukf_ws/install/wamv_msgs/share/wamv_msgs/cmake/wamv_msgs__rosidl_typesupport_introspection_cExport.cmake
[4.102s] -- Installing: /home/hyo/ukf_ws/install/wamv_msgs/share/wamv_msgs/cmake/wamv_msgs__rosidl_typesupport_introspection_cExport-noconfig.cmake
[4.102s] -- Installing: /home/hyo/ukf_ws/install/wamv_msgs/share/wamv_msgs/cmake/wamv_msgs__rosidl_typesupport_cExport.cmake
[4.102s] -- Installing: /home/hyo/ukf_ws/install/wamv_msgs/share/wamv_msgs/cmake/wamv_msgs__rosidl_typesupport_cExport-noconfig.cmake
[4.102s] -- Installing: /home/hyo/ukf_ws/install/wamv_msgs/share/wamv_msgs/cmake/wamv_msgs__rosidl_typesupport_introspection_cppExport.cmake
[4.102s] -- Installing: /home/hyo/ukf_ws/install/wamv_msgs/share/wamv_msgs/cmake/wamv_msgs__rosidl_typesupport_introspection_cppExport-noconfig.cmake
[4.102s] -- Installing: /home/hyo/ukf_ws/install/wamv_msgs/share/wamv_msgs/cmake/wamv_msgs__rosidl_typesupport_cppExport.cmake
[4.102s] -- Installing: /home/hyo/ukf_ws/install/wamv_msgs/share/wamv_msgs/cmake/wamv_msgs__rosidl_typesupport_cppExport-noconfig.cmake
[4.102s] -- Installing: /home/hyo/ukf_ws/install/wamv_msgs/share/wamv_msgs/cmake/export_wamv_msgs__rosidl_generator_pyExport.cmake
[4.102s] -- Installing: /home/hyo/ukf_ws/install/wamv_msgs/share/wamv_msgs/cmake/export_wamv_msgs__rosidl_generator_pyExport-noconfig.cmake
[4.103s] Invoked command in '/home/hyo/ukf_ws/build/wamv_msgs' returned '0': CMAKE_PREFIX_PATH=${CMAKE_PREFIX_PATH}:/home/hyo/dp_ws/install/dprl:/opt/ros/humble /usr/bin/cmake --install /home/hyo/ukf_ws/build/wamv_msgs
